ARM GAS  C:\Users\jmbli\AppData\Local\Temp\ccb75mZD.s 			page 1


   1              		.cpu cortex-m4
   2              		.arch armv7e-m
   3              		.fpu fpv4-sp-d16
   4              		.eabi_attribute 27, 1
   5              		.eabi_attribute 28, 1
   6              		.eabi_attribute 20, 1
   7              		.eabi_attribute 21, 1
   8              		.eabi_attribute 23, 3
   9              		.eabi_attribute 24, 1
  10              		.eabi_attribute 25, 1
  11              		.eabi_attribute 26, 1
  12              		.eabi_attribute 30, 1
  13              		.eabi_attribute 34, 1
  14              		.eabi_attribute 18, 4
  15              		.file	"print.c"
  16              		.text
  17              	.Ltext0:
  18              		.cfi_sections	.debug_frame
  19              		.section	.text.print,"ax",%progbits
  20              		.align	1
  21              		.global	print
  22              		.syntax unified
  23              		.thumb
  24              		.thumb_func
  26              	print:
  27              	.LVL0:
  28              	.LFB130:
  29              		.file 1 "Src/print.c"
   1:Src/print.c   **** #include "print.h"
   2:Src/print.c   **** #include <stm32f3xx_hal.h>
   3:Src/print.c   **** 
   4:Src/print.c   **** extern UART_HandleTypeDef huart2;
   5:Src/print.c   **** 
   6:Src/print.c   **** void print(char* string) {
  30              		.loc 1 6 26 view -0
  31              		.cfi_startproc
  32              		@ args = 0, pretend = 0, frame = 0
  33              		@ frame_needed = 0, uses_anonymous_args = 0
  34              		.loc 1 6 26 is_stmt 0 view .LVU1
  35 0000 10B5     		push	{r4, lr}
  36              	.LCFI0:
  37              		.cfi_def_cfa_offset 8
  38              		.cfi_offset 4, -8
  39              		.cfi_offset 14, -4
  40 0002 0146     		mov	r1, r0
   7:Src/print.c   ****   uint8_t len = 0;
  41              		.loc 1 7 3 is_stmt 1 view .LVU2
  42              	.LVL1:
   8:Src/print.c   ****   char* str_ = string;
  43              		.loc 1 8 3 view .LVU3
   9:Src/print.c   ****   while (*(str_++) != 0) {
  44              		.loc 1 9 3 view .LVU4
   8:Src/print.c   ****   char* str_ = string;
  45              		.loc 1 8 9 is_stmt 0 view .LVU5
  46 0004 0346     		mov	r3, r0
   7:Src/print.c   ****   uint8_t len = 0;
  47              		.loc 1 7 11 view .LVU6
ARM GAS  C:\Users\jmbli\AppData\Local\Temp\ccb75mZD.s 			page 2


  48 0006 0022     		movs	r2, #0
  49              		.loc 1 9 9 view .LVU7
  50 0008 01E0     		b	.L2
  51              	.LVL2:
  52              	.L3:
  10:Src/print.c   ****     len++;
  53              		.loc 1 10 5 is_stmt 1 view .LVU8
  54              		.loc 1 10 8 is_stmt 0 view .LVU9
  55 000a 0132     		adds	r2, r2, #1
  56              	.LVL3:
  57              		.loc 1 10 8 view .LVU10
  58 000c D2B2     		uxtb	r2, r2
  59              	.LVL4:
  60              	.L2:
   9:Src/print.c   ****   while (*(str_++) != 0) {
  61              		.loc 1 9 9 is_stmt 1 view .LVU11
   9:Src/print.c   ****   while (*(str_++) != 0) {
  62              		.loc 1 9 10 is_stmt 0 view .LVU12
  63 000e 13F8014B 		ldrb	r4, [r3], #1	@ zero_extendqisi2
  64              	.LVL5:
   9:Src/print.c   ****   while (*(str_++) != 0) {
  65              		.loc 1 9 9 view .LVU13
  66 0012 002C     		cmp	r4, #0
  67 0014 F9D1     		bne	.L3
  11:Src/print.c   ****   }
  12:Src/print.c   ****   HAL_UART_Transmit(&huart2, string, len, 10);
  68              		.loc 1 12 3 is_stmt 1 view .LVU14
  69 0016 0A23     		movs	r3, #10
  70              	.LVL6:
  71              		.loc 1 12 3 is_stmt 0 view .LVU15
  72 0018 0148     		ldr	r0, .L5
  73              	.LVL7:
  74              		.loc 1 12 3 view .LVU16
  75 001a FFF7FEFF 		bl	HAL_UART_Transmit
  76              	.LVL8:
  13:Src/print.c   **** }
  77              		.loc 1 13 1 view .LVU17
  78 001e 10BD     		pop	{r4, pc}
  79              	.L6:
  80              		.align	2
  81              	.L5:
  82 0020 00000000 		.word	huart2
  83              		.cfi_endproc
  84              	.LFE130:
  86              		.section	.rodata.println.str1.4,"aMS",%progbits,1
  87              		.align	2
  88              	.LC0:
  89 0000 0D0A00   		.ascii	"\015\012\000"
  90              		.section	.text.println,"ax",%progbits
  91              		.align	1
  92              		.global	println
  93              		.syntax unified
  94              		.thumb
  95              		.thumb_func
  97              	println:
  98              	.LVL9:
  99              	.LFB131:
ARM GAS  C:\Users\jmbli\AppData\Local\Temp\ccb75mZD.s 			page 3


  14:Src/print.c   **** 
  15:Src/print.c   **** void println(char* string) {
 100              		.loc 1 15 28 is_stmt 1 view -0
 101              		.cfi_startproc
 102              		@ args = 0, pretend = 0, frame = 0
 103              		@ frame_needed = 0, uses_anonymous_args = 0
 104              		.loc 1 15 28 is_stmt 0 view .LVU19
 105 0000 08B5     		push	{r3, lr}
 106              	.LCFI1:
 107              		.cfi_def_cfa_offset 8
 108              		.cfi_offset 3, -8
 109              		.cfi_offset 14, -4
  16:Src/print.c   ****   print(string);
 110              		.loc 1 16 3 is_stmt 1 view .LVU20
 111 0002 FFF7FEFF 		bl	print
 112              	.LVL10:
  17:Src/print.c   ****   print("\r\n");
 113              		.loc 1 17 3 view .LVU21
 114 0006 0248     		ldr	r0, .L9
 115 0008 FFF7FEFF 		bl	print
 116              	.LVL11:
  18:Src/print.c   **** }...
 117              		.loc 1 18 1 is_stmt 0 view .LVU22
 118 000c 08BD     		pop	{r3, pc}
 119              	.L10:
 120 000e 00BF     		.align	2
 121              	.L9:
 122 0010 00000000 		.word	.LC0
 123              		.cfi_endproc
 124              	.LFE131:
 126              		.text
 127              	.Letext0:
 128              		.file 2 "c:\\program files (x86)\\gnu arm embedded toolchain\\10 2021.10\\arm-none-eabi\\include\\
 129              		.file 3 "c:\\program files (x86)\\gnu arm embedded toolchain\\10 2021.10\\arm-none-eabi\\include\\
 130              		.file 4 "Drivers/CMSIS/Device/ST/STM32F3xx/Include/stm32f303xe.h"
 131              		.file 5 "Drivers/STM32F3xx_HAL_Driver/Inc/stm32f3xx_hal_def.h"
 132              		.file 6 "Drivers/STM32F3xx_HAL_Driver/Inc/stm32f3xx_hal_dma.h"
 133              		.file 7 "Drivers/STM32F3xx_HAL_Driver/Inc/stm32f3xx_hal_uart.h"
ARM GAS  C:\Users\jmbli\AppData\Local\Temp\ccb75mZD.s 			page 4


DEFINED SYMBOLS
                            *ABS*:00000000 print.c
C:\Users\jmbli\AppData\Local\Temp\ccb75mZD.s:20     .text.print:00000000 $t
C:\Users\jmbli\AppData\Local\Temp\ccb75mZD.s:26     .text.print:00000000 print
C:\Users\jmbli\AppData\Local\Temp\ccb75mZD.s:82     .text.print:00000020 $d
C:\Users\jmbli\AppData\Local\Temp\ccb75mZD.s:87     .rodata.println.str1.4:00000000 $d
C:\Users\jmbli\AppData\Local\Temp\ccb75mZD.s:91     .text.println:00000000 $t
C:\Users\jmbli\AppData\Local\Temp\ccb75mZD.s:97     .text.println:00000000 println
C:\Users\jmbli\AppData\Local\Temp\ccb75mZD.s:122    .text.println:00000010 $d

UNDEFINED SYMBOLS
HAL_UART_Transmit
huart2
