ARM GAS  C:\Users\jmbli\AppData\Local\Temp\ccvJSZge.s 			page 1


   1              		.cpu cortex-m4
   2              		.arch armv7e-m
   3              		.fpu fpv4-sp-d16
   4              		.eabi_attribute 27, 1
   5              		.eabi_attribute 28, 1
   6              		.eabi_attribute 20, 1
   7              		.eabi_attribute 21, 1
   8              		.eabi_attribute 23, 3
   9              		.eabi_attribute 24, 1
  10              		.eabi_attribute 25, 1
  11              		.eabi_attribute 26, 1
  12              		.eabi_attribute 30, 1
  13              		.eabi_attribute 34, 1
  14              		.eabi_attribute 18, 4
  15              		.file	"stm32f3xx_hal_msp.c"
  16              		.text
  17              	.Ltext0:
  18              		.cfi_sections	.debug_frame
  19              		.section	.text.HAL_MspInit,"ax",%progbits
  20              		.align	1
  21              		.global	HAL_MspInit
  22              		.syntax unified
  23              		.thumb
  24              		.thumb_func
  26              	HAL_MspInit:
  27              	.LFB130:
  28              		.file 1 "Src/stm32f3xx_hal_msp.c"
   1:Src/stm32f3xx_hal_msp.c **** /* USER CODE BEGIN Header */
   2:Src/stm32f3xx_hal_msp.c **** /**
   3:Src/stm32f3xx_hal_msp.c ****  ******************************************************************************
   4:Src/stm32f3xx_hal_msp.c ****  * File Name          : stm32f3xx_hal_msp.c
   5:Src/stm32f3xx_hal_msp.c ****  * Description        : This file provides code for the MSP Initialization
   6:Src/stm32f3xx_hal_msp.c ****  *                      and de-Initialization codes.
   7:Src/stm32f3xx_hal_msp.c ****  ******************************************************************************
   8:Src/stm32f3xx_hal_msp.c ****  * @attention
   9:Src/stm32f3xx_hal_msp.c ****  *
  10:Src/stm32f3xx_hal_msp.c ****  * <h2><center>&copy; Copyright (c) 2019 STMicroelectronics.
  11:Src/stm32f3xx_hal_msp.c ****  * All rights reserved.</center></h2>
  12:Src/stm32f3xx_hal_msp.c ****  *
  13:Src/stm32f3xx_hal_msp.c ****  * This software component is licensed by ST under Ultimate Liberty license
  14:Src/stm32f3xx_hal_msp.c ****  * SLA0044, the "License"; You may not use this file except in compliance with
  15:Src/stm32f3xx_hal_msp.c ****  * the License. You may obtain a copy of the License at:
  16:Src/stm32f3xx_hal_msp.c ****  *                             www.st.com/SLA0044
  17:Src/stm32f3xx_hal_msp.c ****  *
  18:Src/stm32f3xx_hal_msp.c ****  ******************************************************************************
  19:Src/stm32f3xx_hal_msp.c ****  */
  20:Src/stm32f3xx_hal_msp.c **** /* USER CODE END Header */
  21:Src/stm32f3xx_hal_msp.c **** 
  22:Src/stm32f3xx_hal_msp.c **** /* Includes ------------------------------------------------------------------*/
  23:Src/stm32f3xx_hal_msp.c **** #include "main.h"
  24:Src/stm32f3xx_hal_msp.c **** /* USER CODE BEGIN Includes */
  25:Src/stm32f3xx_hal_msp.c **** 
  26:Src/stm32f3xx_hal_msp.c **** /* USER CODE END Includes */
  27:Src/stm32f3xx_hal_msp.c **** 
  28:Src/stm32f3xx_hal_msp.c **** /* Private typedef -----------------------------------------------------------*/
  29:Src/stm32f3xx_hal_msp.c **** /* USER CODE BEGIN TD */
  30:Src/stm32f3xx_hal_msp.c **** 
ARM GAS  C:\Users\jmbli\AppData\Local\Temp\ccvJSZge.s 			page 2


  31:Src/stm32f3xx_hal_msp.c **** /* USER CODE END TD */
  32:Src/stm32f3xx_hal_msp.c **** 
  33:Src/stm32f3xx_hal_msp.c **** /* Private define ------------------------------------------------------------*/
  34:Src/stm32f3xx_hal_msp.c **** /* USER CODE BEGIN Define */
  35:Src/stm32f3xx_hal_msp.c **** 
  36:Src/stm32f3xx_hal_msp.c **** /* USER CODE END Define */
  37:Src/stm32f3xx_hal_msp.c **** 
  38:Src/stm32f3xx_hal_msp.c **** /* Private macro -------------------------------------------------------------*/
  39:Src/stm32f3xx_hal_msp.c **** /* USER CODE BEGIN Macro */
  40:Src/stm32f3xx_hal_msp.c **** 
  41:Src/stm32f3xx_hal_msp.c **** /* USER CODE END Macro */
  42:Src/stm32f3xx_hal_msp.c **** 
  43:Src/stm32f3xx_hal_msp.c **** /* Private variables ---------------------------------------------------------*/
  44:Src/stm32f3xx_hal_msp.c **** /* USER CODE BEGIN PV */
  45:Src/stm32f3xx_hal_msp.c **** 
  46:Src/stm32f3xx_hal_msp.c **** /* USER CODE END PV */
  47:Src/stm32f3xx_hal_msp.c **** 
  48:Src/stm32f3xx_hal_msp.c **** /* Private function prototypes -----------------------------------------------*/
  49:Src/stm32f3xx_hal_msp.c **** /* USER CODE BEGIN PFP */
  50:Src/stm32f3xx_hal_msp.c **** 
  51:Src/stm32f3xx_hal_msp.c **** /* USER CODE END PFP */
  52:Src/stm32f3xx_hal_msp.c **** 
  53:Src/stm32f3xx_hal_msp.c **** /* External functions --------------------------------------------------------*/
  54:Src/stm32f3xx_hal_msp.c **** /* USER CODE BEGIN ExternalFunctions */
  55:Src/stm32f3xx_hal_msp.c **** 
  56:Src/stm32f3xx_hal_msp.c **** /* USER CODE END ExternalFunctions */
  57:Src/stm32f3xx_hal_msp.c **** 
  58:Src/stm32f3xx_hal_msp.c **** /* USER CODE BEGIN 0 */
  59:Src/stm32f3xx_hal_msp.c **** 
  60:Src/stm32f3xx_hal_msp.c **** /* USER CODE END 0 */
  61:Src/stm32f3xx_hal_msp.c **** /**
  62:Src/stm32f3xx_hal_msp.c ****   * Initializes the Global MSP.
  63:Src/stm32f3xx_hal_msp.c ****   */
  64:Src/stm32f3xx_hal_msp.c **** void HAL_MspInit(void)
  65:Src/stm32f3xx_hal_msp.c **** {
  29              		.loc 1 65 1 view -0
  30              		.cfi_startproc
  31              		@ args = 0, pretend = 0, frame = 8
  32              		@ frame_needed = 0, uses_anonymous_args = 0
  33 0000 00B5     		push	{lr}
  34              	.LCFI0:
  35              		.cfi_def_cfa_offset 4
  36              		.cfi_offset 14, -4
  37 0002 83B0     		sub	sp, sp, #12
  38              	.LCFI1:
  39              		.cfi_def_cfa_offset 16
  66:Src/stm32f3xx_hal_msp.c ****   /* USER CODE BEGIN MspInit 0 */
  67:Src/stm32f3xx_hal_msp.c **** 
  68:Src/stm32f3xx_hal_msp.c ****   /* USER CODE END MspInit 0 */
  69:Src/stm32f3xx_hal_msp.c **** 
  70:Src/stm32f3xx_hal_msp.c ****   __HAL_RCC_SYSCFG_CLK_ENABLE();
  40              		.loc 1 70 3 view .LVU1
  41              	.LBB2:
  42              		.loc 1 70 3 view .LVU2
  43              		.loc 1 70 3 view .LVU3
  44 0004 0D4B     		ldr	r3, .L3
  45 0006 9A69     		ldr	r2, [r3, #24]
ARM GAS  C:\Users\jmbli\AppData\Local\Temp\ccvJSZge.s 			page 3


  46 0008 42F00102 		orr	r2, r2, #1
  47 000c 9A61     		str	r2, [r3, #24]
  48              		.loc 1 70 3 view .LVU4
  49 000e 9A69     		ldr	r2, [r3, #24]
  50 0010 02F00102 		and	r2, r2, #1
  51 0014 0092     		str	r2, [sp]
  52              		.loc 1 70 3 view .LVU5
  53 0016 009A     		ldr	r2, [sp]
  54              	.LBE2:
  55              		.loc 1 70 3 view .LVU6
  71:Src/stm32f3xx_hal_msp.c ****   __HAL_RCC_PWR_CLK_ENABLE();
  56              		.loc 1 71 3 view .LVU7
  57              	.LBB3:
  58              		.loc 1 71 3 view .LVU8
  59              		.loc 1 71 3 view .LVU9
  60 0018 DA69     		ldr	r2, [r3, #28]
  61 001a 42F08052 		orr	r2, r2, #268435456
  62 001e DA61     		str	r2, [r3, #28]
  63              		.loc 1 71 3 view .LVU10
  64 0020 DB69     		ldr	r3, [r3, #28]
  65 0022 03F08053 		and	r3, r3, #268435456
  66 0026 0193     		str	r3, [sp, #4]
  67              		.loc 1 71 3 view .LVU11
  68 0028 019B     		ldr	r3, [sp, #4]
  69              	.LBE3:
  70              		.loc 1 71 3 view .LVU12
  72:Src/stm32f3xx_hal_msp.c **** 
  73:Src/stm32f3xx_hal_msp.c ****   /* System interrupt init*/
  74:Src/stm32f3xx_hal_msp.c ****   /* PendSV_IRQn interrupt configuration */
  75:Src/stm32f3xx_hal_msp.c ****   HAL_NVIC_SetPriority(PendSV_IRQn, 15, 0);
  71              		.loc 1 75 3 view .LVU13
  72 002a 0022     		movs	r2, #0
  73 002c 0F21     		movs	r1, #15
  74 002e 6FF00100 		mvn	r0, #1
  75 0032 FFF7FEFF 		bl	HAL_NVIC_SetPriority
  76              	.LVL0:
  76:Src/stm32f3xx_hal_msp.c **** 
  77:Src/stm32f3xx_hal_msp.c ****   /* USER CODE BEGIN MspInit 1 */
  78:Src/stm32f3xx_hal_msp.c **** 
  79:Src/stm32f3xx_hal_msp.c ****   /* USER CODE END MspInit 1 */
  80:Src/stm32f3xx_hal_msp.c **** }
  77              		.loc 1 80 1 is_stmt 0 view .LVU14
  78 0036 03B0     		add	sp, sp, #12
  79              	.LCFI2:
  80              		.cfi_def_cfa_offset 4
  81              		@ sp needed
  82 0038 5DF804FB 		ldr	pc, [sp], #4
  83              	.L4:
  84              		.align	2
  85              	.L3:
  86 003c 00100240 		.word	1073876992
  87              		.cfi_endproc
  88              	.LFE130:
  90              		.section	.text.HAL_ADC_MspInit,"ax",%progbits
  91              		.align	1
  92              		.global	HAL_ADC_MspInit
  93              		.syntax unified
ARM GAS  C:\Users\jmbli\AppData\Local\Temp\ccvJSZge.s 			page 4


  94              		.thumb
  95              		.thumb_func
  97              	HAL_ADC_MspInit:
  98              	.LVL1:
  99              	.LFB131:
  81:Src/stm32f3xx_hal_msp.c **** 
  82:Src/stm32f3xx_hal_msp.c **** /**
  83:Src/stm32f3xx_hal_msp.c **** * @brief ADC MSP Initialization
  84:Src/stm32f3xx_hal_msp.c **** * This function configures the hardware resources used in this example
  85:Src/stm32f3xx_hal_msp.c **** * @param hadc: ADC handle pointer
  86:Src/stm32f3xx_hal_msp.c **** * @retval None
  87:Src/stm32f3xx_hal_msp.c **** */
  88:Src/stm32f3xx_hal_msp.c **** void HAL_ADC_MspInit(ADC_HandleTypeDef* hadc)
  89:Src/stm32f3xx_hal_msp.c **** {
 100              		.loc 1 89 1 is_stmt 1 view -0
 101              		.cfi_startproc
 102              		@ args = 0, pretend = 0, frame = 32
 103              		@ frame_needed = 0, uses_anonymous_args = 0
 104              		.loc 1 89 1 is_stmt 0 view .LVU16
 105 0000 00B5     		push	{lr}
 106              	.LCFI3:
 107              		.cfi_def_cfa_offset 4
 108              		.cfi_offset 14, -4
 109 0002 89B0     		sub	sp, sp, #36
 110              	.LCFI4:
 111              		.cfi_def_cfa_offset 40
  90:Src/stm32f3xx_hal_msp.c ****   GPIO_InitTypeDef GPIO_InitStruct = {0};
 112              		.loc 1 90 3 is_stmt 1 view .LVU17
 113              		.loc 1 90 20 is_stmt 0 view .LVU18
 114 0004 0023     		movs	r3, #0
 115 0006 0393     		str	r3, [sp, #12]
 116 0008 0493     		str	r3, [sp, #16]
 117 000a 0593     		str	r3, [sp, #20]
 118 000c 0693     		str	r3, [sp, #24]
 119 000e 0793     		str	r3, [sp, #28]
  91:Src/stm32f3xx_hal_msp.c ****   if(hadc->Instance==ADC1)
 120              		.loc 1 91 3 is_stmt 1 view .LVU19
 121              		.loc 1 91 10 is_stmt 0 view .LVU20
 122 0010 0368     		ldr	r3, [r0]
 123              		.loc 1 91 5 view .LVU21
 124 0012 B3F1A04F 		cmp	r3, #1342177280
 125 0016 02D0     		beq	.L8
 126              	.LVL2:
 127              	.L5:
  92:Src/stm32f3xx_hal_msp.c ****   {
  93:Src/stm32f3xx_hal_msp.c ****   /* USER CODE BEGIN ADC1_MspInit 0 */
  94:Src/stm32f3xx_hal_msp.c **** 
  95:Src/stm32f3xx_hal_msp.c ****   /* USER CODE END ADC1_MspInit 0 */
  96:Src/stm32f3xx_hal_msp.c ****     /* Peripheral clock enable */
  97:Src/stm32f3xx_hal_msp.c ****     __HAL_RCC_ADC12_CLK_ENABLE();
  98:Src/stm32f3xx_hal_msp.c **** 
  99:Src/stm32f3xx_hal_msp.c ****     __HAL_RCC_GPIOA_CLK_ENABLE();
 100:Src/stm32f3xx_hal_msp.c ****     /**ADC1 GPIO Configuration
 101:Src/stm32f3xx_hal_msp.c ****     PA0     ------> ADC1_IN1
 102:Src/stm32f3xx_hal_msp.c ****     PA1     ------> ADC1_IN2
 103:Src/stm32f3xx_hal_msp.c ****     */
 104:Src/stm32f3xx_hal_msp.c ****     GPIO_InitStruct.Pin = A_BLESSYOU_PotR_Pin|A_BLESSYOU_PotL_Pin;
ARM GAS  C:\Users\jmbli\AppData\Local\Temp\ccvJSZge.s 			page 5


 105:Src/stm32f3xx_hal_msp.c ****     GPIO_InitStruct.Mode = GPIO_MODE_ANALOG;
 106:Src/stm32f3xx_hal_msp.c ****     GPIO_InitStruct.Pull = GPIO_NOPULL;
 107:Src/stm32f3xx_hal_msp.c ****     HAL_GPIO_Init(GPIOA, &GPIO_InitStruct);
 108:Src/stm32f3xx_hal_msp.c **** 
 109:Src/stm32f3xx_hal_msp.c ****   /* USER CODE BEGIN ADC1_MspInit 1 */
 110:Src/stm32f3xx_hal_msp.c **** 
 111:Src/stm32f3xx_hal_msp.c ****   /* USER CODE END ADC1_MspInit 1 */
 112:Src/stm32f3xx_hal_msp.c ****   }
 113:Src/stm32f3xx_hal_msp.c **** 
 114:Src/stm32f3xx_hal_msp.c **** }
 128              		.loc 1 114 1 view .LVU22
 129 0018 09B0     		add	sp, sp, #36
 130              	.LCFI5:
 131              		.cfi_remember_state
 132              		.cfi_def_cfa_offset 4
 133              		@ sp needed
 134 001a 5DF804FB 		ldr	pc, [sp], #4
 135              	.LVL3:
 136              	.L8:
 137              	.LCFI6:
 138              		.cfi_restore_state
  97:Src/stm32f3xx_hal_msp.c **** 
 139              		.loc 1 97 5 is_stmt 1 view .LVU23
 140              	.LBB4:
  97:Src/stm32f3xx_hal_msp.c **** 
 141              		.loc 1 97 5 view .LVU24
  97:Src/stm32f3xx_hal_msp.c **** 
 142              		.loc 1 97 5 view .LVU25
 143 001e 03F17043 		add	r3, r3, #-268435456
 144 0022 03F50433 		add	r3, r3, #135168
 145 0026 5A69     		ldr	r2, [r3, #20]
 146 0028 42F08052 		orr	r2, r2, #268435456
 147 002c 5A61     		str	r2, [r3, #20]
  97:Src/stm32f3xx_hal_msp.c **** 
 148              		.loc 1 97 5 view .LVU26
 149 002e 5A69     		ldr	r2, [r3, #20]
 150 0030 02F08052 		and	r2, r2, #268435456
 151 0034 0192     		str	r2, [sp, #4]
  97:Src/stm32f3xx_hal_msp.c **** 
 152              		.loc 1 97 5 view .LVU27
 153 0036 019A     		ldr	r2, [sp, #4]
 154              	.LBE4:
  97:Src/stm32f3xx_hal_msp.c **** 
 155              		.loc 1 97 5 view .LVU28
  99:Src/stm32f3xx_hal_msp.c ****     /**ADC1 GPIO Configuration
 156              		.loc 1 99 5 view .LVU29
 157              	.LBB5:
  99:Src/stm32f3xx_hal_msp.c ****     /**ADC1 GPIO Configuration
 158              		.loc 1 99 5 view .LVU30
  99:Src/stm32f3xx_hal_msp.c ****     /**ADC1 GPIO Configuration
 159              		.loc 1 99 5 view .LVU31
 160 0038 5A69     		ldr	r2, [r3, #20]
 161 003a 42F40032 		orr	r2, r2, #131072
 162 003e 5A61     		str	r2, [r3, #20]
  99:Src/stm32f3xx_hal_msp.c ****     /**ADC1 GPIO Configuration
 163              		.loc 1 99 5 view .LVU32
 164 0040 5B69     		ldr	r3, [r3, #20]
ARM GAS  C:\Users\jmbli\AppData\Local\Temp\ccvJSZge.s 			page 6


 165 0042 03F40033 		and	r3, r3, #131072
 166 0046 0293     		str	r3, [sp, #8]
  99:Src/stm32f3xx_hal_msp.c ****     /**ADC1 GPIO Configuration
 167              		.loc 1 99 5 view .LVU33
 168 0048 029B     		ldr	r3, [sp, #8]
 169              	.LBE5:
  99:Src/stm32f3xx_hal_msp.c ****     /**ADC1 GPIO Configuration
 170              		.loc 1 99 5 view .LVU34
 104:Src/stm32f3xx_hal_msp.c ****     GPIO_InitStruct.Mode = GPIO_MODE_ANALOG;
 171              		.loc 1 104 5 view .LVU35
 104:Src/stm32f3xx_hal_msp.c ****     GPIO_InitStruct.Mode = GPIO_MODE_ANALOG;
 172              		.loc 1 104 25 is_stmt 0 view .LVU36
 173 004a 0323     		movs	r3, #3
 174 004c 0393     		str	r3, [sp, #12]
 105:Src/stm32f3xx_hal_msp.c ****     GPIO_InitStruct.Pull = GPIO_NOPULL;
 175              		.loc 1 105 5 is_stmt 1 view .LVU37
 105:Src/stm32f3xx_hal_msp.c ****     GPIO_InitStruct.Pull = GPIO_NOPULL;
 176              		.loc 1 105 26 is_stmt 0 view .LVU38
 177 004e 0493     		str	r3, [sp, #16]
 106:Src/stm32f3xx_hal_msp.c ****     HAL_GPIO_Init(GPIOA, &GPIO_InitStruct);
 178              		.loc 1 106 5 is_stmt 1 view .LVU39
 107:Src/stm32f3xx_hal_msp.c **** 
 179              		.loc 1 107 5 view .LVU40
 180 0050 03A9     		add	r1, sp, #12
 181 0052 4FF09040 		mov	r0, #1207959552
 182              	.LVL4:
 107:Src/stm32f3xx_hal_msp.c **** 
 183              		.loc 1 107 5 is_stmt 0 view .LVU41
 184 0056 FFF7FEFF 		bl	HAL_GPIO_Init
 185              	.LVL5:
 186              		.loc 1 114 1 view .LVU42
 187 005a DDE7     		b	.L5
 188              		.cfi_endproc
 189              	.LFE131:
 191              		.section	.text.HAL_ADC_MspDeInit,"ax",%progbits
 192              		.align	1
 193              		.global	HAL_ADC_MspDeInit
 194              		.syntax unified
 195              		.thumb
 196              		.thumb_func
 198              	HAL_ADC_MspDeInit:
 199              	.LVL6:
 200              	.LFB132:
 115:Src/stm32f3xx_hal_msp.c **** 
 116:Src/stm32f3xx_hal_msp.c **** /**
 117:Src/stm32f3xx_hal_msp.c **** * @brief ADC MSP De-Initialization
 118:Src/stm32f3xx_hal_msp.c **** * This function freeze the hardware resources used in this example
 119:Src/stm32f3xx_hal_msp.c **** * @param hadc: ADC handle pointer
 120:Src/stm32f3xx_hal_msp.c **** * @retval None
 121:Src/stm32f3xx_hal_msp.c **** */
 122:Src/stm32f3xx_hal_msp.c **** void HAL_ADC_MspDeInit(ADC_HandleTypeDef* hadc)
 123:Src/stm32f3xx_hal_msp.c **** {
 201              		.loc 1 123 1 is_stmt 1 view -0
 202              		.cfi_startproc
 203              		@ args = 0, pretend = 0, frame = 0
 204              		@ frame_needed = 0, uses_anonymous_args = 0
 205              		.loc 1 123 1 is_stmt 0 view .LVU44
ARM GAS  C:\Users\jmbli\AppData\Local\Temp\ccvJSZge.s 			page 7


 206 0000 08B5     		push	{r3, lr}
 207              	.LCFI7:
 208              		.cfi_def_cfa_offset 8
 209              		.cfi_offset 3, -8
 210              		.cfi_offset 14, -4
 124:Src/stm32f3xx_hal_msp.c ****   if(hadc->Instance==ADC1)
 211              		.loc 1 124 3 is_stmt 1 view .LVU45
 212              		.loc 1 124 10 is_stmt 0 view .LVU46
 213 0002 0368     		ldr	r3, [r0]
 214              		.loc 1 124 5 view .LVU47
 215 0004 B3F1A04F 		cmp	r3, #1342177280
 216 0008 00D0     		beq	.L12
 217              	.LVL7:
 218              	.L9:
 125:Src/stm32f3xx_hal_msp.c ****   {
 126:Src/stm32f3xx_hal_msp.c ****   /* USER CODE BEGIN ADC1_MspDeInit 0 */
 127:Src/stm32f3xx_hal_msp.c **** 
 128:Src/stm32f3xx_hal_msp.c ****   /* USER CODE END ADC1_MspDeInit 0 */
 129:Src/stm32f3xx_hal_msp.c ****     /* Peripheral clock disable */
 130:Src/stm32f3xx_hal_msp.c ****     __HAL_RCC_ADC12_CLK_DISABLE();
 131:Src/stm32f3xx_hal_msp.c **** 
 132:Src/stm32f3xx_hal_msp.c ****     /**ADC1 GPIO Configuration
 133:Src/stm32f3xx_hal_msp.c ****     PA0     ------> ADC1_IN1
 134:Src/stm32f3xx_hal_msp.c ****     PA1     ------> ADC1_IN2
 135:Src/stm32f3xx_hal_msp.c ****     */
 136:Src/stm32f3xx_hal_msp.c ****     HAL_GPIO_DeInit(GPIOA, A_BLESSYOU_PotR_Pin|A_BLESSYOU_PotL_Pin);
 137:Src/stm32f3xx_hal_msp.c **** 
 138:Src/stm32f3xx_hal_msp.c ****   /* USER CODE BEGIN ADC1_MspDeInit 1 */
 139:Src/stm32f3xx_hal_msp.c **** 
 140:Src/stm32f3xx_hal_msp.c ****   /* USER CODE END ADC1_MspDeInit 1 */
 141:Src/stm32f3xx_hal_msp.c ****   }
 142:Src/stm32f3xx_hal_msp.c **** 
 143:Src/stm32f3xx_hal_msp.c **** }
 219              		.loc 1 143 1 view .LVU48
 220 000a 08BD     		pop	{r3, pc}
 221              	.LVL8:
 222              	.L12:
 130:Src/stm32f3xx_hal_msp.c **** 
 223              		.loc 1 130 5 is_stmt 1 view .LVU49
 224 000c 054A     		ldr	r2, .L13
 225 000e 5369     		ldr	r3, [r2, #20]
 226 0010 23F08053 		bic	r3, r3, #268435456
 227 0014 5361     		str	r3, [r2, #20]
 136:Src/stm32f3xx_hal_msp.c **** 
 228              		.loc 1 136 5 view .LVU50
 229 0016 0321     		movs	r1, #3
 230 0018 4FF09040 		mov	r0, #1207959552
 231              	.LVL9:
 136:Src/stm32f3xx_hal_msp.c **** 
 232              		.loc 1 136 5 is_stmt 0 view .LVU51
 233 001c FFF7FEFF 		bl	HAL_GPIO_DeInit
 234              	.LVL10:
 235              		.loc 1 143 1 view .LVU52
 236 0020 F3E7     		b	.L9
 237              	.L14:
 238 0022 00BF     		.align	2
 239              	.L13:
ARM GAS  C:\Users\jmbli\AppData\Local\Temp\ccvJSZge.s 			page 8


 240 0024 00100240 		.word	1073876992
 241              		.cfi_endproc
 242              	.LFE132:
 244              		.section	.text.HAL_CAN_MspInit,"ax",%progbits
 245              		.align	1
 246              		.global	HAL_CAN_MspInit
 247              		.syntax unified
 248              		.thumb
 249              		.thumb_func
 251              	HAL_CAN_MspInit:
 252              	.LVL11:
 253              	.LFB133:
 144:Src/stm32f3xx_hal_msp.c **** 
 145:Src/stm32f3xx_hal_msp.c **** /**
 146:Src/stm32f3xx_hal_msp.c **** * @brief CAN MSP Initialization
 147:Src/stm32f3xx_hal_msp.c **** * This function configures the hardware resources used in this example
 148:Src/stm32f3xx_hal_msp.c **** * @param hcan: CAN handle pointer
 149:Src/stm32f3xx_hal_msp.c **** * @retval None
 150:Src/stm32f3xx_hal_msp.c **** */
 151:Src/stm32f3xx_hal_msp.c **** void HAL_CAN_MspInit(CAN_HandleTypeDef* hcan)
 152:Src/stm32f3xx_hal_msp.c **** {
 254              		.loc 1 152 1 is_stmt 1 view -0
 255              		.cfi_startproc
 256              		@ args = 0, pretend = 0, frame = 32
 257              		@ frame_needed = 0, uses_anonymous_args = 0
 258              		.loc 1 152 1 is_stmt 0 view .LVU54
 259 0000 00B5     		push	{lr}
 260              	.LCFI8:
 261              		.cfi_def_cfa_offset 4
 262              		.cfi_offset 14, -4
 263 0002 89B0     		sub	sp, sp, #36
 264              	.LCFI9:
 265              		.cfi_def_cfa_offset 40
 153:Src/stm32f3xx_hal_msp.c ****   GPIO_InitTypeDef GPIO_InitStruct = {0};
 266              		.loc 1 153 3 is_stmt 1 view .LVU55
 267              		.loc 1 153 20 is_stmt 0 view .LVU56
 268 0004 0023     		movs	r3, #0
 269 0006 0393     		str	r3, [sp, #12]
 270 0008 0493     		str	r3, [sp, #16]
 271 000a 0593     		str	r3, [sp, #20]
 272 000c 0693     		str	r3, [sp, #24]
 273 000e 0793     		str	r3, [sp, #28]
 154:Src/stm32f3xx_hal_msp.c ****   if(hcan->Instance==CAN)
 274              		.loc 1 154 3 is_stmt 1 view .LVU57
 275              		.loc 1 154 10 is_stmt 0 view .LVU58
 276 0010 0268     		ldr	r2, [r0]
 277              		.loc 1 154 5 view .LVU59
 278 0012 1C4B     		ldr	r3, .L19
 279 0014 9A42     		cmp	r2, r3
 280 0016 02D0     		beq	.L18
 281              	.LVL12:
 282              	.L15:
 155:Src/stm32f3xx_hal_msp.c ****   {
 156:Src/stm32f3xx_hal_msp.c ****   /* USER CODE BEGIN CAN_MspInit 0 */
 157:Src/stm32f3xx_hal_msp.c **** 
 158:Src/stm32f3xx_hal_msp.c ****   /* USER CODE END CAN_MspInit 0 */
 159:Src/stm32f3xx_hal_msp.c ****     /* Peripheral clock enable */
ARM GAS  C:\Users\jmbli\AppData\Local\Temp\ccvJSZge.s 			page 9


 160:Src/stm32f3xx_hal_msp.c ****     __HAL_RCC_CAN1_CLK_ENABLE();
 161:Src/stm32f3xx_hal_msp.c **** 
 162:Src/stm32f3xx_hal_msp.c ****     __HAL_RCC_GPIOA_CLK_ENABLE();
 163:Src/stm32f3xx_hal_msp.c ****     /**CAN GPIO Configuration
 164:Src/stm32f3xx_hal_msp.c ****     PA11     ------> CAN_RX
 165:Src/stm32f3xx_hal_msp.c ****     PA12     ------> CAN_TX
 166:Src/stm32f3xx_hal_msp.c ****     */
 167:Src/stm32f3xx_hal_msp.c ****     GPIO_InitStruct.Pin = GPIO_PIN_11|GPIO_PIN_12;
 168:Src/stm32f3xx_hal_msp.c ****     GPIO_InitStruct.Mode = GPIO_MODE_AF_PP;
 169:Src/stm32f3xx_hal_msp.c ****     GPIO_InitStruct.Pull = GPIO_NOPULL;
 170:Src/stm32f3xx_hal_msp.c ****     GPIO_InitStruct.Speed = GPIO_SPEED_FREQ_HIGH;
 171:Src/stm32f3xx_hal_msp.c ****     GPIO_InitStruct.Alternate = GPIO_AF9_CAN;
 172:Src/stm32f3xx_hal_msp.c ****     HAL_GPIO_Init(GPIOA, &GPIO_InitStruct);
 173:Src/stm32f3xx_hal_msp.c **** 
 174:Src/stm32f3xx_hal_msp.c ****     HAL_I2CEx_EnableFastModePlus(SYSCFG_CFGR1_I2C_PB8_FMP);
 175:Src/stm32f3xx_hal_msp.c **** 
 176:Src/stm32f3xx_hal_msp.c ****     HAL_I2CEx_EnableFastModePlus(SYSCFG_CFGR1_I2C_PB9_FMP);
 177:Src/stm32f3xx_hal_msp.c **** 
 178:Src/stm32f3xx_hal_msp.c ****     /* CAN interrupt Init */
 179:Src/stm32f3xx_hal_msp.c ****     HAL_NVIC_SetPriority(USB_LP_CAN_RX0_IRQn, 5, 0);
 180:Src/stm32f3xx_hal_msp.c ****     HAL_NVIC_EnableIRQ(USB_LP_CAN_RX0_IRQn);
 181:Src/stm32f3xx_hal_msp.c ****   /* USER CODE BEGIN CAN_MspInit 1 */
 182:Src/stm32f3xx_hal_msp.c **** 
 183:Src/stm32f3xx_hal_msp.c ****   /* USER CODE END CAN_MspInit 1 */
 184:Src/stm32f3xx_hal_msp.c ****   }
 185:Src/stm32f3xx_hal_msp.c **** 
 186:Src/stm32f3xx_hal_msp.c **** }
 283              		.loc 1 186 1 view .LVU60
 284 0018 09B0     		add	sp, sp, #36
 285              	.LCFI10:
 286              		.cfi_remember_state
 287              		.cfi_def_cfa_offset 4
 288              		@ sp needed
 289 001a 5DF804FB 		ldr	pc, [sp], #4
 290              	.LVL13:
 291              	.L18:
 292              	.LCFI11:
 293              		.cfi_restore_state
 160:Src/stm32f3xx_hal_msp.c **** 
 294              		.loc 1 160 5 is_stmt 1 view .LVU61
 295              	.LBB6:
 160:Src/stm32f3xx_hal_msp.c **** 
 296              		.loc 1 160 5 view .LVU62
 160:Src/stm32f3xx_hal_msp.c **** 
 297              		.loc 1 160 5 view .LVU63
 298 001e 03F5D633 		add	r3, r3, #109568
 299 0022 DA69     		ldr	r2, [r3, #28]
 300 0024 42F00072 		orr	r2, r2, #33554432
 301 0028 DA61     		str	r2, [r3, #28]
 160:Src/stm32f3xx_hal_msp.c **** 
 302              		.loc 1 160 5 view .LVU64
 303 002a DA69     		ldr	r2, [r3, #28]
 304 002c 02F00072 		and	r2, r2, #33554432
 305 0030 0192     		str	r2, [sp, #4]
 160:Src/stm32f3xx_hal_msp.c **** 
 306              		.loc 1 160 5 view .LVU65
 307 0032 019A     		ldr	r2, [sp, #4]
ARM GAS  C:\Users\jmbli\AppData\Local\Temp\ccvJSZge.s 			page 10


 308              	.LBE6:
 160:Src/stm32f3xx_hal_msp.c **** 
 309              		.loc 1 160 5 view .LVU66
 162:Src/stm32f3xx_hal_msp.c ****     /**CAN GPIO Configuration
 310              		.loc 1 162 5 view .LVU67
 311              	.LBB7:
 162:Src/stm32f3xx_hal_msp.c ****     /**CAN GPIO Configuration
 312              		.loc 1 162 5 view .LVU68
 162:Src/stm32f3xx_hal_msp.c ****     /**CAN GPIO Configuration
 313              		.loc 1 162 5 view .LVU69
 314 0034 5A69     		ldr	r2, [r3, #20]
 315 0036 42F40032 		orr	r2, r2, #131072
 316 003a 5A61     		str	r2, [r3, #20]
 162:Src/stm32f3xx_hal_msp.c ****     /**CAN GPIO Configuration
 317              		.loc 1 162 5 view .LVU70
 318 003c 5B69     		ldr	r3, [r3, #20]
 319 003e 03F40033 		and	r3, r3, #131072
 320 0042 0293     		str	r3, [sp, #8]
 162:Src/stm32f3xx_hal_msp.c ****     /**CAN GPIO Configuration
 321              		.loc 1 162 5 view .LVU71
 322 0044 029B     		ldr	r3, [sp, #8]
 323              	.LBE7:
 162:Src/stm32f3xx_hal_msp.c ****     /**CAN GPIO Configuration
 324              		.loc 1 162 5 view .LVU72
 167:Src/stm32f3xx_hal_msp.c ****     GPIO_InitStruct.Mode = GPIO_MODE_AF_PP;
 325              		.loc 1 167 5 view .LVU73
 167:Src/stm32f3xx_hal_msp.c ****     GPIO_InitStruct.Mode = GPIO_MODE_AF_PP;
 326              		.loc 1 167 25 is_stmt 0 view .LVU74
 327 0046 4FF4C053 		mov	r3, #6144
 328 004a 0393     		str	r3, [sp, #12]
 168:Src/stm32f3xx_hal_msp.c ****     GPIO_InitStruct.Pull = GPIO_NOPULL;
 329              		.loc 1 168 5 is_stmt 1 view .LVU75
 168:Src/stm32f3xx_hal_msp.c ****     GPIO_InitStruct.Pull = GPIO_NOPULL;
 330              		.loc 1 168 26 is_stmt 0 view .LVU76
 331 004c 0223     		movs	r3, #2
 332 004e 0493     		str	r3, [sp, #16]
 169:Src/stm32f3xx_hal_msp.c ****     GPIO_InitStruct.Speed = GPIO_SPEED_FREQ_HIGH;
 333              		.loc 1 169 5 is_stmt 1 view .LVU77
 170:Src/stm32f3xx_hal_msp.c ****     GPIO_InitStruct.Alternate = GPIO_AF9_CAN;
 334              		.loc 1 170 5 view .LVU78
 170:Src/stm32f3xx_hal_msp.c ****     GPIO_InitStruct.Alternate = GPIO_AF9_CAN;
 335              		.loc 1 170 27 is_stmt 0 view .LVU79
 336 0050 0323     		movs	r3, #3
 337 0052 0693     		str	r3, [sp, #24]
 171:Src/stm32f3xx_hal_msp.c ****     HAL_GPIO_Init(GPIOA, &GPIO_InitStruct);
 338              		.loc 1 171 5 is_stmt 1 view .LVU80
 171:Src/stm32f3xx_hal_msp.c ****     HAL_GPIO_Init(GPIOA, &GPIO_InitStruct);
 339              		.loc 1 171 31 is_stmt 0 view .LVU81
 340 0054 0923     		movs	r3, #9
 341 0056 0793     		str	r3, [sp, #28]
 172:Src/stm32f3xx_hal_msp.c **** 
 342              		.loc 1 172 5 is_stmt 1 view .LVU82
 343 0058 03A9     		add	r1, sp, #12
 344 005a 4FF09040 		mov	r0, #1207959552
 345              	.LVL14:
 172:Src/stm32f3xx_hal_msp.c **** 
 346              		.loc 1 172 5 is_stmt 0 view .LVU83
ARM GAS  C:\Users\jmbli\AppData\Local\Temp\ccvJSZge.s 			page 11


 347 005e FFF7FEFF 		bl	HAL_GPIO_Init
 348              	.LVL15:
 174:Src/stm32f3xx_hal_msp.c **** 
 349              		.loc 1 174 5 is_stmt 1 view .LVU84
 350 0062 4FF48020 		mov	r0, #262144
 351 0066 FFF7FEFF 		bl	HAL_I2CEx_EnableFastModePlus
 352              	.LVL16:
 176:Src/stm32f3xx_hal_msp.c **** 
 353              		.loc 1 176 5 view .LVU85
 354 006a 4FF40020 		mov	r0, #524288
 355 006e FFF7FEFF 		bl	HAL_I2CEx_EnableFastModePlus
 356              	.LVL17:
 179:Src/stm32f3xx_hal_msp.c ****     HAL_NVIC_EnableIRQ(USB_LP_CAN_RX0_IRQn);
 357              		.loc 1 179 5 view .LVU86
 358 0072 0022     		movs	r2, #0
 359 0074 0521     		movs	r1, #5
 360 0076 1420     		movs	r0, #20
 361 0078 FFF7FEFF 		bl	HAL_NVIC_SetPriority
 362              	.LVL18:
 180:Src/stm32f3xx_hal_msp.c ****   /* USER CODE BEGIN CAN_MspInit 1 */
 363              		.loc 1 180 5 view .LVU87
 364 007c 1420     		movs	r0, #20
 365 007e FFF7FEFF 		bl	HAL_NVIC_EnableIRQ
 366              	.LVL19:
 367              		.loc 1 186 1 is_stmt 0 view .LVU88
 368 0082 C9E7     		b	.L15
 369              	.L20:
 370              		.align	2
 371              	.L19:
 372 0084 00640040 		.word	1073767424
 373              		.cfi_endproc
 374              	.LFE133:
 376              		.section	.text.HAL_CAN_MspDeInit,"ax",%progbits
 377              		.align	1
 378              		.global	HAL_CAN_MspDeInit
 379              		.syntax unified
 380              		.thumb
 381              		.thumb_func
 383              	HAL_CAN_MspDeInit:
 384              	.LVL20:
 385              	.LFB134:
 187:Src/stm32f3xx_hal_msp.c **** 
 188:Src/stm32f3xx_hal_msp.c **** /**
 189:Src/stm32f3xx_hal_msp.c **** * @brief CAN MSP De-Initialization
 190:Src/stm32f3xx_hal_msp.c **** * This function freeze the hardware resources used in this example
 191:Src/stm32f3xx_hal_msp.c **** * @param hcan: CAN handle pointer
 192:Src/stm32f3xx_hal_msp.c **** * @retval None
 193:Src/stm32f3xx_hal_msp.c **** */
 194:Src/stm32f3xx_hal_msp.c **** void HAL_CAN_MspDeInit(CAN_HandleTypeDef* hcan)
 195:Src/stm32f3xx_hal_msp.c **** {
 386              		.loc 1 195 1 is_stmt 1 view -0
 387              		.cfi_startproc
 388              		@ args = 0, pretend = 0, frame = 0
 389              		@ frame_needed = 0, uses_anonymous_args = 0
 390              		.loc 1 195 1 is_stmt 0 view .LVU90
 391 0000 08B5     		push	{r3, lr}
 392              	.LCFI12:
ARM GAS  C:\Users\jmbli\AppData\Local\Temp\ccvJSZge.s 			page 12


 393              		.cfi_def_cfa_offset 8
 394              		.cfi_offset 3, -8
 395              		.cfi_offset 14, -4
 196:Src/stm32f3xx_hal_msp.c ****   if(hcan->Instance==CAN)
 396              		.loc 1 196 3 is_stmt 1 view .LVU91
 397              		.loc 1 196 10 is_stmt 0 view .LVU92
 398 0002 0268     		ldr	r2, [r0]
 399              		.loc 1 196 5 view .LVU93
 400 0004 094B     		ldr	r3, .L25
 401 0006 9A42     		cmp	r2, r3
 402 0008 00D0     		beq	.L24
 403              	.LVL21:
 404              	.L21:
 197:Src/stm32f3xx_hal_msp.c ****   {
 198:Src/stm32f3xx_hal_msp.c ****   /* USER CODE BEGIN CAN_MspDeInit 0 */
 199:Src/stm32f3xx_hal_msp.c **** 
 200:Src/stm32f3xx_hal_msp.c ****   /* USER CODE END CAN_MspDeInit 0 */
 201:Src/stm32f3xx_hal_msp.c ****     /* Peripheral clock disable */
 202:Src/stm32f3xx_hal_msp.c ****     __HAL_RCC_CAN1_CLK_DISABLE();
 203:Src/stm32f3xx_hal_msp.c **** 
 204:Src/stm32f3xx_hal_msp.c ****     /**CAN GPIO Configuration
 205:Src/stm32f3xx_hal_msp.c ****     PA11     ------> CAN_RX
 206:Src/stm32f3xx_hal_msp.c ****     PA12     ------> CAN_TX
 207:Src/stm32f3xx_hal_msp.c ****     */
 208:Src/stm32f3xx_hal_msp.c ****     HAL_GPIO_DeInit(GPIOA, GPIO_PIN_11|GPIO_PIN_12);
 209:Src/stm32f3xx_hal_msp.c **** 
 210:Src/stm32f3xx_hal_msp.c ****     /* CAN interrupt DeInit */
 211:Src/stm32f3xx_hal_msp.c ****     HAL_NVIC_DisableIRQ(USB_LP_CAN_RX0_IRQn);
 212:Src/stm32f3xx_hal_msp.c ****   /* USER CODE BEGIN CAN_MspDeInit 1 */
 213:Src/stm32f3xx_hal_msp.c **** 
 214:Src/stm32f3xx_hal_msp.c ****   /* USER CODE END CAN_MspDeInit 1 */
 215:Src/stm32f3xx_hal_msp.c ****   }
 216:Src/stm32f3xx_hal_msp.c **** 
 217:Src/stm32f3xx_hal_msp.c **** }
 405              		.loc 1 217 1 view .LVU94
 406 000a 08BD     		pop	{r3, pc}
 407              	.LVL22:
 408              	.L24:
 202:Src/stm32f3xx_hal_msp.c **** 
 409              		.loc 1 202 5 is_stmt 1 view .LVU95
 410 000c 084A     		ldr	r2, .L25+4
 411 000e D369     		ldr	r3, [r2, #28]
 412 0010 23F00073 		bic	r3, r3, #33554432
 413 0014 D361     		str	r3, [r2, #28]
 208:Src/stm32f3xx_hal_msp.c **** 
 414              		.loc 1 208 5 view .LVU96
 415 0016 4FF4C051 		mov	r1, #6144
 416 001a 4FF09040 		mov	r0, #1207959552
 417              	.LVL23:
 208:Src/stm32f3xx_hal_msp.c **** 
 418              		.loc 1 208 5 is_stmt 0 view .LVU97
 419 001e FFF7FEFF 		bl	HAL_GPIO_DeInit
 420              	.LVL24:
 211:Src/stm32f3xx_hal_msp.c ****   /* USER CODE BEGIN CAN_MspDeInit 1 */
 421              		.loc 1 211 5 is_stmt 1 view .LVU98
 422 0022 1420     		movs	r0, #20
 423 0024 FFF7FEFF 		bl	HAL_NVIC_DisableIRQ
ARM GAS  C:\Users\jmbli\AppData\Local\Temp\ccvJSZge.s 			page 13


 424              	.LVL25:
 425              		.loc 1 217 1 is_stmt 0 view .LVU99
 426 0028 EFE7     		b	.L21
 427              	.L26:
 428 002a 00BF     		.align	2
 429              	.L25:
 430 002c 00640040 		.word	1073767424
 431 0030 00100240 		.word	1073876992
 432              		.cfi_endproc
 433              	.LFE134:
 435              		.section	.text.HAL_UART_MspInit,"ax",%progbits
 436              		.align	1
 437              		.global	HAL_UART_MspInit
 438              		.syntax unified
 439              		.thumb
 440              		.thumb_func
 442              	HAL_UART_MspInit:
 443              	.LVL26:
 444              	.LFB135:
 218:Src/stm32f3xx_hal_msp.c **** 
 219:Src/stm32f3xx_hal_msp.c **** /**
 220:Src/stm32f3xx_hal_msp.c **** * @brief UART MSP Initialization
 221:Src/stm32f3xx_hal_msp.c **** * This function configures the hardware resources used in this example
 222:Src/stm32f3xx_hal_msp.c **** * @param huart: UART handle pointer
 223:Src/stm32f3xx_hal_msp.c **** * @retval None
 224:Src/stm32f3xx_hal_msp.c **** */
 225:Src/stm32f3xx_hal_msp.c **** void HAL_UART_MspInit(UART_HandleTypeDef* huart)
 226:Src/stm32f3xx_hal_msp.c **** {
 445              		.loc 1 226 1 is_stmt 1 view -0
 446              		.cfi_startproc
 447              		@ args = 0, pretend = 0, frame = 32
 448              		@ frame_needed = 0, uses_anonymous_args = 0
 449              		.loc 1 226 1 is_stmt 0 view .LVU101
 450 0000 00B5     		push	{lr}
 451              	.LCFI13:
 452              		.cfi_def_cfa_offset 4
 453              		.cfi_offset 14, -4
 454 0002 89B0     		sub	sp, sp, #36
 455              	.LCFI14:
 456              		.cfi_def_cfa_offset 40
 227:Src/stm32f3xx_hal_msp.c ****   GPIO_InitTypeDef GPIO_InitStruct = {0};
 457              		.loc 1 227 3 is_stmt 1 view .LVU102
 458              		.loc 1 227 20 is_stmt 0 view .LVU103
 459 0004 0023     		movs	r3, #0
 460 0006 0393     		str	r3, [sp, #12]
 461 0008 0493     		str	r3, [sp, #16]
 462 000a 0593     		str	r3, [sp, #20]
 463 000c 0693     		str	r3, [sp, #24]
 464 000e 0793     		str	r3, [sp, #28]
 228:Src/stm32f3xx_hal_msp.c ****   if(huart->Instance==USART2)
 465              		.loc 1 228 3 is_stmt 1 view .LVU104
 466              		.loc 1 228 11 is_stmt 0 view .LVU105
 467 0010 0268     		ldr	r2, [r0]
 468              		.loc 1 228 5 view .LVU106
 469 0012 134B     		ldr	r3, .L31
 470 0014 9A42     		cmp	r2, r3
 471 0016 02D0     		beq	.L30
ARM GAS  C:\Users\jmbli\AppData\Local\Temp\ccvJSZge.s 			page 14


 472              	.LVL27:
 473              	.L27:
 229:Src/stm32f3xx_hal_msp.c ****   {
 230:Src/stm32f3xx_hal_msp.c ****   /* USER CODE BEGIN USART2_MspInit 0 */
 231:Src/stm32f3xx_hal_msp.c **** 
 232:Src/stm32f3xx_hal_msp.c ****   /* USER CODE END USART2_MspInit 0 */
 233:Src/stm32f3xx_hal_msp.c ****     /* Peripheral clock enable */
 234:Src/stm32f3xx_hal_msp.c ****     __HAL_RCC_USART2_CLK_ENABLE();
 235:Src/stm32f3xx_hal_msp.c **** 
 236:Src/stm32f3xx_hal_msp.c ****     __HAL_RCC_GPIOA_CLK_ENABLE();
 237:Src/stm32f3xx_hal_msp.c ****     /**USART2 GPIO Configuration
 238:Src/stm32f3xx_hal_msp.c ****     PA2     ------> USART2_TX
 239:Src/stm32f3xx_hal_msp.c ****     PA3     ------> USART2_RX
 240:Src/stm32f3xx_hal_msp.c ****     */
 241:Src/stm32f3xx_hal_msp.c ****     GPIO_InitStruct.Pin = USART_TX_Pin|USART_RX_Pin;
 242:Src/stm32f3xx_hal_msp.c ****     GPIO_InitStruct.Mode = GPIO_MODE_AF_PP;
 243:Src/stm32f3xx_hal_msp.c ****     GPIO_InitStruct.Pull = GPIO_NOPULL;
 244:Src/stm32f3xx_hal_msp.c ****     GPIO_InitStruct.Speed = GPIO_SPEED_FREQ_LOW;
 245:Src/stm32f3xx_hal_msp.c ****     GPIO_InitStruct.Alternate = GPIO_AF7_USART2;
 246:Src/stm32f3xx_hal_msp.c ****     HAL_GPIO_Init(GPIOA, &GPIO_InitStruct);
 247:Src/stm32f3xx_hal_msp.c **** 
 248:Src/stm32f3xx_hal_msp.c ****   /* USER CODE BEGIN USART2_MspInit 1 */
 249:Src/stm32f3xx_hal_msp.c **** 
 250:Src/stm32f3xx_hal_msp.c ****   /* USER CODE END USART2_MspInit 1 */
 251:Src/stm32f3xx_hal_msp.c ****   }
 252:Src/stm32f3xx_hal_msp.c **** 
 253:Src/stm32f3xx_hal_msp.c **** }
 474              		.loc 1 253 1 view .LVU107
 475 0018 09B0     		add	sp, sp, #36
 476              	.LCFI15:
 477              		.cfi_remember_state
 478              		.cfi_def_cfa_offset 4
 479              		@ sp needed
 480 001a 5DF804FB 		ldr	pc, [sp], #4
 481              	.LVL28:
 482              	.L30:
 483              	.LCFI16:
 484              		.cfi_restore_state
 234:Src/stm32f3xx_hal_msp.c **** 
 485              		.loc 1 234 5 is_stmt 1 view .LVU108
 486              	.LBB8:
 234:Src/stm32f3xx_hal_msp.c **** 
 487              		.loc 1 234 5 view .LVU109
 234:Src/stm32f3xx_hal_msp.c **** 
 488              		.loc 1 234 5 view .LVU110
 489 001e 03F5E633 		add	r3, r3, #117760
 490 0022 DA69     		ldr	r2, [r3, #28]
 491 0024 42F40032 		orr	r2, r2, #131072
 492 0028 DA61     		str	r2, [r3, #28]
 234:Src/stm32f3xx_hal_msp.c **** 
 493              		.loc 1 234 5 view .LVU111
 494 002a DA69     		ldr	r2, [r3, #28]
 495 002c 02F40032 		and	r2, r2, #131072
 496 0030 0192     		str	r2, [sp, #4]
 234:Src/stm32f3xx_hal_msp.c **** 
 497              		.loc 1 234 5 view .LVU112
 498 0032 019A     		ldr	r2, [sp, #4]
ARM GAS  C:\Users\jmbli\AppData\Local\Temp\ccvJSZge.s 			page 15


 499              	.LBE8:
 234:Src/stm32f3xx_hal_msp.c **** 
 500              		.loc 1 234 5 view .LVU113
 236:Src/stm32f3xx_hal_msp.c ****     /**USART2 GPIO Configuration
 501              		.loc 1 236 5 view .LVU114
 502              	.LBB9:
 236:Src/stm32f3xx_hal_msp.c ****     /**USART2 GPIO Configuration
 503              		.loc 1 236 5 view .LVU115
 236:Src/stm32f3xx_hal_msp.c ****     /**USART2 GPIO Configuration
 504              		.loc 1 236 5 view .LVU116
 505 0034 5A69     		ldr	r2, [r3, #20]
 506 0036 42F40032 		orr	r2, r2, #131072
 507 003a 5A61     		str	r2, [r3, #20]
 236:Src/stm32f3xx_hal_msp.c ****     /**USART2 GPIO Configuration
 508              		.loc 1 236 5 view .LVU117
 509 003c 5B69     		ldr	r3, [r3, #20]
 510 003e 03F40033 		and	r3, r3, #131072
 511 0042 0293     		str	r3, [sp, #8]
 236:Src/stm32f3xx_hal_msp.c ****     /**USART2 GPIO Configuration
 512              		.loc 1 236 5 view .LVU118
 513 0044 029B     		ldr	r3, [sp, #8]
 514              	.LBE9:
 236:Src/stm32f3xx_hal_msp.c ****     /**USART2 GPIO Configuration
 515              		.loc 1 236 5 view .LVU119
 241:Src/stm32f3xx_hal_msp.c ****     GPIO_InitStruct.Mode = GPIO_MODE_AF_PP;
 516              		.loc 1 241 5 view .LVU120
 241:Src/stm32f3xx_hal_msp.c ****     GPIO_InitStruct.Mode = GPIO_MODE_AF_PP;
 517              		.loc 1 241 25 is_stmt 0 view .LVU121
 518 0046 0C23     		movs	r3, #12
 519 0048 0393     		str	r3, [sp, #12]
 242:Src/stm32f3xx_hal_msp.c ****     GPIO_InitStruct.Pull = GPIO_NOPULL;
 520              		.loc 1 242 5 is_stmt 1 view .LVU122
 242:Src/stm32f3xx_hal_msp.c ****     GPIO_InitStruct.Pull = GPIO_NOPULL;
 521              		.loc 1 242 26 is_stmt 0 view .LVU123
 522 004a 0223     		movs	r3, #2
 523 004c 0493     		str	r3, [sp, #16]
 243:Src/stm32f3xx_hal_msp.c ****     GPIO_InitStruct.Speed = GPIO_SPEED_FREQ_LOW;
 524              		.loc 1 243 5 is_stmt 1 view .LVU124
 244:Src/stm32f3xx_hal_msp.c ****     GPIO_InitStruct.Alternate = GPIO_AF7_USART2;
 525              		.loc 1 244 5 view .LVU125
 245:Src/stm32f3xx_hal_msp.c ****     HAL_GPIO_Init(GPIOA, &GPIO_InitStruct);
 526              		.loc 1 245 5 view .LVU126
 245:Src/stm32f3xx_hal_msp.c ****     HAL_GPIO_Init(GPIOA, &GPIO_InitStruct);
 527              		.loc 1 245 31 is_stmt 0 view .LVU127
 528 004e 0723     		movs	r3, #7
 529 0050 0793     		str	r3, [sp, #28]
 246:Src/stm32f3xx_hal_msp.c **** 
 530              		.loc 1 246 5 is_stmt 1 view .LVU128
 531 0052 03A9     		add	r1, sp, #12
 532 0054 4FF09040 		mov	r0, #1207959552
 533              	.LVL29:
 246:Src/stm32f3xx_hal_msp.c **** 
 534              		.loc 1 246 5 is_stmt 0 view .LVU129
 535 0058 FFF7FEFF 		bl	HAL_GPIO_Init
 536              	.LVL30:
 537              		.loc 1 253 1 view .LVU130
 538 005c DCE7     		b	.L27
ARM GAS  C:\Users\jmbli\AppData\Local\Temp\ccvJSZge.s 			page 16


 539              	.L32:
 540 005e 00BF     		.align	2
 541              	.L31:
 542 0060 00440040 		.word	1073759232
 543              		.cfi_endproc
 544              	.LFE135:
 546              		.section	.text.HAL_UART_MspDeInit,"ax",%progbits
 547              		.align	1
 548              		.global	HAL_UART_MspDeInit
 549              		.syntax unified
 550              		.thumb
 551              		.thumb_func
 553              	HAL_UART_MspDeInit:
 554              	.LVL31:
 555              	.LFB136:
 254:Src/stm32f3xx_hal_msp.c **** 
 255:Src/stm32f3xx_hal_msp.c **** /**
 256:Src/stm32f3xx_hal_msp.c **** * @brief UART MSP De-Initialization
 257:Src/stm32f3xx_hal_msp.c **** * This function freeze the hardware resources used in this example
 258:Src/stm32f3xx_hal_msp.c **** * @param huart: UART handle pointer
 259:Src/stm32f3xx_hal_msp.c **** * @retval None
 260:Src/stm32f3xx_hal_msp.c **** */
 261:Src/stm32f3xx_hal_msp.c **** void HAL_UART_MspDeInit(UART_HandleTypeDef* huart)
 262:Src/stm32f3xx_hal_msp.c **** {
 556              		.loc 1 262 1 is_stmt 1 view -0
 557              		.cfi_startproc
 558              		@ args = 0, pretend = 0, frame = 0
 559              		@ frame_needed = 0, uses_anonymous_args = 0
 560              		.loc 1 262 1 is_stmt 0 view .LVU132
 561 0000 08B5     		push	{r3, lr}
 562              	.LCFI17:
 563              		.cfi_def_cfa_offset 8
 564              		.cfi_offset 3, -8
 565              		.cfi_offset 14, -4
 263:Src/stm32f3xx_hal_msp.c ****   if(huart->Instance==USART2)
 566              		.loc 1 263 3 is_stmt 1 view .LVU133
 567              		.loc 1 263 11 is_stmt 0 view .LVU134
 568 0002 0268     		ldr	r2, [r0]
 569              		.loc 1 263 5 view .LVU135
 570 0004 074B     		ldr	r3, .L37
 571 0006 9A42     		cmp	r2, r3
 572 0008 00D0     		beq	.L36
 573              	.LVL32:
 574              	.L33:
 264:Src/stm32f3xx_hal_msp.c ****   {
 265:Src/stm32f3xx_hal_msp.c ****   /* USER CODE BEGIN USART2_MspDeInit 0 */
 266:Src/stm32f3xx_hal_msp.c **** 
 267:Src/stm32f3xx_hal_msp.c ****   /* USER CODE END USART2_MspDeInit 0 */
 268:Src/stm32f3xx_hal_msp.c ****     /* Peripheral clock disable */
 269:Src/stm32f3xx_hal_msp.c ****     __HAL_RCC_USART2_CLK_DISABLE();
 270:Src/stm32f3xx_hal_msp.c **** 
 271:Src/stm32f3xx_hal_msp.c ****     /**USART2 GPIO Configuration
 272:Src/stm32f3xx_hal_msp.c ****     PA2     ------> USART2_TX
 273:Src/stm32f3xx_hal_msp.c ****     PA3     ------> USART2_RX
 274:Src/stm32f3xx_hal_msp.c ****     */
 275:Src/stm32f3xx_hal_msp.c ****     HAL_GPIO_DeInit(GPIOA, USART_TX_Pin|USART_RX_Pin);
 276:Src/stm32f3xx_hal_msp.c **** 
ARM GAS  C:\Users\jmbli\AppData\Local\Temp\ccvJSZge.s 			page 17


 277:Src/stm32f3xx_hal_msp.c ****   /* USER CODE BEGIN USART2_MspDeInit 1 */
 278:Src/stm32f3xx_hal_msp.c **** 
 279:Src/stm32f3xx_hal_msp.c ****   /* USER CODE END USART2_MspDeInit 1 */
 280:Src/stm32f3xx_hal_msp.c ****   }
 281:Src/stm32f3xx_hal_msp.c **** 
 282:Src/stm32f3xx_hal_msp.c **** }
 575              		.loc 1 282 1 view .LVU136
 576 000a 08BD     		pop	{r3, pc}
 577              	.LVL33:
 578              	.L36:
 269:Src/stm32f3xx_hal_msp.c **** 
 579              		.loc 1 269 5 is_stmt 1 view .LVU137
 580 000c 064A     		ldr	r2, .L37+4
 581 000e D369     		ldr	r3, [r2, #28]
 582 0010 23F40033 		bic	r3, r3, #131072
 583 0014 D361     		str	r3, [r2, #28]
 275:Src/stm32f3xx_hal_msp.c **** 
 584              		.loc 1 275 5 view .LVU138
 585 0016 0C21     		movs	r1, #12
 586 0018 4FF09040 		mov	r0, #1207959552
 587              	.LVL34:
 275:Src/stm32f3xx_hal_msp.c **** 
 588              		.loc 1 275 5 is_stmt 0 view .LVU139
 589 001c FFF7FEFF 		bl	HAL_GPIO_DeInit
 590              	.LVL35:
 591              		.loc 1 282 1 view .LVU140
 592 0020 F3E7     		b	.L33
 593              	.L38:
 594 0022 00BF     		.align	2
 595              	.L37:
 596 0024 00440040 		.word	1073759232
 597 0028 00100240 		.word	1073876992
 598              		.cfi_endproc
 599              	.LFE136:
 601              		.text
 602              	.Letext0:
 603              		.file 2 "c:\\program files (x86)\\gnu arm embedded toolchain\\10 2021.10\\arm-none-eabi\\include\\
 604              		.file 3 "c:\\program files (x86)\\gnu arm embedded toolchain\\10 2021.10\\arm-none-eabi\\include\\
 605              		.file 4 "Drivers/CMSIS/Device/ST/STM32F3xx/Include/stm32f303xe.h"
 606              		.file 5 "Drivers/CMSIS/Device/ST/STM32F3xx/Include/stm32f3xx.h"
 607              		.file 6 "Drivers/STM32F3xx_HAL_Driver/Inc/stm32f3xx_hal_def.h"
 608              		.file 7 "Drivers/STM32F3xx_HAL_Driver/Inc/stm32f3xx_hal_gpio.h"
 609              		.file 8 "Drivers/STM32F3xx_HAL_Driver/Inc/stm32f3xx_hal_dma.h"
 610              		.file 9 "Drivers/STM32F3xx_HAL_Driver/Inc/stm32f3xx_hal_adc_ex.h"
 611              		.file 10 "Drivers/STM32F3xx_HAL_Driver/Inc/stm32f3xx_hal_adc.h"
 612              		.file 11 "Drivers/STM32F3xx_HAL_Driver/Inc/stm32f3xx_hal_can.h"
 613              		.file 12 "Drivers/STM32F3xx_HAL_Driver/Inc/stm32f3xx_hal_uart.h"
 614              		.file 13 "Drivers/STM32F3xx_HAL_Driver/Inc/stm32f3xx_hal_cortex.h"
 615              		.file 14 "Drivers/STM32F3xx_HAL_Driver/Inc/stm32f3xx_hal_i2c_ex.h"
ARM GAS  C:\Users\jmbli\AppData\Local\Temp\ccvJSZge.s 			page 18


DEFINED SYMBOLS
                            *ABS*:00000000 stm32f3xx_hal_msp.c
C:\Users\jmbli\AppData\Local\Temp\ccvJSZge.s:20     .text.HAL_MspInit:00000000 $t
C:\Users\jmbli\AppData\Local\Temp\ccvJSZge.s:26     .text.HAL_MspInit:00000000 HAL_MspInit
C:\Users\jmbli\AppData\Local\Temp\ccvJSZge.s:86     .text.HAL_MspInit:0000003c $d
C:\Users\jmbli\AppData\Local\Temp\ccvJSZge.s:91     .text.HAL_ADC_MspInit:00000000 $t
C:\Users\jmbli\AppData\Local\Temp\ccvJSZge.s:97     .text.HAL_ADC_MspInit:00000000 HAL_ADC_MspInit
C:\Users\jmbli\AppData\Local\Temp\ccvJSZge.s:192    .text.HAL_ADC_MspDeInit:00000000 $t
C:\Users\jmbli\AppData\Local\Temp\ccvJSZge.s:198    .text.HAL_ADC_MspDeInit:00000000 HAL_ADC_MspDeInit
C:\Users\jmbli\AppData\Local\Temp\ccvJSZge.s:240    .text.HAL_ADC_MspDeInit:00000024 $d
C:\Users\jmbli\AppData\Local\Temp\ccvJSZge.s:245    .text.HAL_CAN_MspInit:00000000 $t
C:\Users\jmbli\AppData\Local\Temp\ccvJSZge.s:251    .text.HAL_CAN_MspInit:00000000 HAL_CAN_MspInit
C:\Users\jmbli\AppData\Local\Temp\ccvJSZge.s:372    .text.HAL_CAN_MspInit:00000084 $d
C:\Users\jmbli\AppData\Local\Temp\ccvJSZge.s:377    .text.HAL_CAN_MspDeInit:00000000 $t
C:\Users\jmbli\AppData\Local\Temp\ccvJSZge.s:383    .text.HAL_CAN_MspDeInit:00000000 HAL_CAN_MspDeInit
C:\Users\jmbli\AppData\Local\Temp\ccvJSZge.s:430    .text.HAL_CAN_MspDeInit:0000002c $d
C:\Users\jmbli\AppData\Local\Temp\ccvJSZge.s:436    .text.HAL_UART_MspInit:00000000 $t
C:\Users\jmbli\AppData\Local\Temp\ccvJSZge.s:442    .text.HAL_UART_MspInit:00000000 HAL_UART_MspInit
C:\Users\jmbli\AppData\Local\Temp\ccvJSZge.s:542    .text.HAL_UART_MspInit:00000060 $d
C:\Users\jmbli\AppData\Local\Temp\ccvJSZge.s:547    .text.HAL_UART_MspDeInit:00000000 $t
C:\Users\jmbli\AppData\Local\Temp\ccvJSZge.s:553    .text.HAL_UART_MspDeInit:00000000 HAL_UART_MspDeInit
C:\Users\jmbli\AppData\Local\Temp\ccvJSZge.s:596    .text.HAL_UART_MspDeInit:00000024 $d

UNDEFINED SYMBOLS
HAL_NVIC_SetPriority
HAL_GPIO_Init
HAL_GPIO_DeInit
HAL_I2CEx_EnableFastModePlus
HAL_NVIC_EnableIRQ
HAL_NVIC_DisableIRQ
