ARM GAS  C:\Users\jmbli\AppData\Local\Temp\ccfhBFx2.s 			page 1


   1              		.cpu cortex-m4
   2              		.arch armv7e-m
   3              		.fpu fpv4-sp-d16
   4              		.eabi_attribute 27, 1
   5              		.eabi_attribute 28, 1
   6              		.eabi_attribute 20, 1
   7              		.eabi_attribute 21, 1
   8              		.eabi_attribute 23, 3
   9              		.eabi_attribute 24, 1
  10              		.eabi_attribute 25, 1
  11              		.eabi_attribute 26, 1
  12              		.eabi_attribute 30, 1
  13              		.eabi_attribute 34, 1
  14              		.eabi_attribute 18, 4
  15              		.file	"syscalls.c"
  16              		.text
  17              	.Ltext0:
  18              		.cfi_sections	.debug_frame
  19              		.section	.text.initialise_monitor_handles,"ax",%progbits
  20              		.align	1
  21              		.global	initialise_monitor_handles
  22              		.syntax unified
  23              		.thumb
  24              		.thumb_func
  26              	initialise_monitor_handles:
  27              	.LFB25:
  28              		.file 1 "Src/syscalls.c"
   1:Src/syscalls.c **** /**
   2:Src/syscalls.c **** *****************************************************************************
   3:Src/syscalls.c **** **
   4:Src/syscalls.c **** **  File        : syscalls.c
   5:Src/syscalls.c **** **
   6:Src/syscalls.c **** **  Author		: Auto-generated by System workbench for STM32
   7:Src/syscalls.c **** **
   8:Src/syscalls.c **** **  Abstract    : System Workbench Minimal System calls file
   9:Src/syscalls.c **** **
  10:Src/syscalls.c **** ** 		          For more information about which c-functions
  11:Src/syscalls.c **** **                need which of these lowlevel functions
  12:Src/syscalls.c **** **                please consult the Newlib libc-manual
  13:Src/syscalls.c **** **
  14:Src/syscalls.c **** **  Target      : STMicroelectronics STM32
  15:Src/syscalls.c **** **
  16:Src/syscalls.c **** **  Distribution: The file is distributed “as is,” without any warranty
  17:Src/syscalls.c **** **                of any kind.
  18:Src/syscalls.c **** **
  19:Src/syscalls.c **** *****************************************************************************
  20:Src/syscalls.c **** ** @attention
  21:Src/syscalls.c **** **
  22:Src/syscalls.c **** ** <h2><center>&copy; COPYRIGHT(c) 2019 STMicroelectronics</center></h2>
  23:Src/syscalls.c **** **
  24:Src/syscalls.c **** ** Redistribution and use in source and binary forms, with or without
  25:Src/syscalls.c **** *modification,
  26:Src/syscalls.c **** ** are permitted provided that the following conditions are met:
  27:Src/syscalls.c **** **   1. Redistributions of source code must retain the above copyright notice,
  28:Src/syscalls.c **** **      this list of conditions and the following disclaimer.
  29:Src/syscalls.c **** **   2. Redistributions in binary form must reproduce the above copyright
  30:Src/syscalls.c **** *notice,
ARM GAS  C:\Users\jmbli\AppData\Local\Temp\ccfhBFx2.s 			page 2


  31:Src/syscalls.c **** **      this list of conditions and the following disclaimer in the
  32:Src/syscalls.c **** *documentation
  33:Src/syscalls.c **** **      and/or other materials provided with the distribution.
  34:Src/syscalls.c **** **   3. Neither the name of STMicroelectronics nor the names of its contributors
  35:Src/syscalls.c **** **      may be used to endorse or promote products derived from this software
  36:Src/syscalls.c **** **      without specific prior written permission.
  37:Src/syscalls.c **** **
  38:Src/syscalls.c **** ** THIS SOFTWARE IS PROVIDED BY THE COPYRIGHT HOLDERS AND CONTRIBUTORS "AS IS"
  39:Src/syscalls.c **** ** AND ANY EXPRESS OR IMPLIED WARRANTIES, INCLUDING, BUT NOT LIMITED TO, THE
  40:Src/syscalls.c **** ** IMPLIED WARRANTIES OF MERCHANTABILITY AND FITNESS FOR A PARTICULAR PURPOSE
  41:Src/syscalls.c **** *ARE
  42:Src/syscalls.c **** ** DISCLAIMED. IN NO EVENT SHALL THE COPYRIGHT HOLDER OR CONTRIBUTORS BE LIABLE
  43:Src/syscalls.c **** ** FOR ANY DIRECT, INDIRECT, INCIDENTAL, SPECIAL, EXEMPLARY, OR CONSEQUENTIAL
  44:Src/syscalls.c **** ** DAMAGES (INCLUDING, BUT NOT LIMITED TO, PROCUREMENT OF SUBSTITUTE GOODS OR
  45:Src/syscalls.c **** ** SERVICES; LOSS OF USE, DATA, OR PROFITS; OR BUSINESS INTERRUPTION) HOWEVER
  46:Src/syscalls.c **** ** CAUSED AND ON ANY THEORY OF LIABILITY, WHETHER IN CONTRACT, STRICT LIABILITY,
  47:Src/syscalls.c **** ** OR TORT (INCLUDING NEGLIGENCE OR OTHERWISE) ARISING IN ANY WAY OUT OF THE USE
  48:Src/syscalls.c **** ** OF THIS SOFTWARE, EVEN IF ADVISED OF THE POSSIBILITY OF SUCH DAMAGE.
  49:Src/syscalls.c **** **
  50:Src/syscalls.c **** *****************************************************************************
  51:Src/syscalls.c **** */
  52:Src/syscalls.c **** 
  53:Src/syscalls.c **** /* Includes */
  54:Src/syscalls.c **** #include <errno.h>
  55:Src/syscalls.c **** #include <signal.h>
  56:Src/syscalls.c **** #include <stdio.h>
  57:Src/syscalls.c **** #include <stdlib.h>
  58:Src/syscalls.c **** #include <sys/stat.h>
  59:Src/syscalls.c **** #include <sys/time.h>
  60:Src/syscalls.c **** #include <sys/times.h>
  61:Src/syscalls.c **** #include <time.h>
  62:Src/syscalls.c **** 
  63:Src/syscalls.c **** /* Variables */
  64:Src/syscalls.c **** //#undef errno
  65:Src/syscalls.c **** extern int errno;
  66:Src/syscalls.c **** extern int __io_putchar(int ch) __attribute__((weak));
  67:Src/syscalls.c **** extern int __io_getchar(void) __attribute__((weak));
  68:Src/syscalls.c **** 
  69:Src/syscalls.c **** register char *stack_ptr asm("sp");
  70:Src/syscalls.c **** 
  71:Src/syscalls.c **** char *__env[1] = {0};
  72:Src/syscalls.c **** char **environ = __env;
  73:Src/syscalls.c **** 
  74:Src/syscalls.c **** /* Functions */
  75:Src/syscalls.c **** void initialise_monitor_handles() {}
  29              		.loc 1 75 35 view -0
  30              		.cfi_startproc
  31              		@ args = 0, pretend = 0, frame = 0
  32              		@ frame_needed = 0, uses_anonymous_args = 0
  33              		@ link register save eliminated.
  34              		.loc 1 75 36 view .LVU1
  35 0000 7047     		bx	lr
  36              		.cfi_endproc
  37              	.LFE25:
  39              		.section	.text._getpid,"ax",%progbits
  40              		.align	1
  41              		.global	_getpid
ARM GAS  C:\Users\jmbli\AppData\Local\Temp\ccfhBFx2.s 			page 3


  42              		.syntax unified
  43              		.thumb
  44              		.thumb_func
  46              	_getpid:
  47              	.LFB26:
  76:Src/syscalls.c **** 
  77:Src/syscalls.c **** int _getpid(void) { return 1; }
  48              		.loc 1 77 19 view -0
  49              		.cfi_startproc
  50              		@ args = 0, pretend = 0, frame = 0
  51              		@ frame_needed = 0, uses_anonymous_args = 0
  52              		@ link register save eliminated.
  53              		.loc 1 77 21 view .LVU3
  54              		.loc 1 77 31 is_stmt 0 view .LVU4
  55 0000 0120     		movs	r0, #1
  56 0002 7047     		bx	lr
  57              		.cfi_endproc
  58              	.LFE26:
  60              		.section	.text._kill,"ax",%progbits
  61              		.align	1
  62              		.global	_kill
  63              		.syntax unified
  64              		.thumb
  65              		.thumb_func
  67              	_kill:
  68              	.LVL0:
  69              	.LFB27:
  78:Src/syscalls.c **** 
  79:Src/syscalls.c **** int _kill(int pid, int sig) {
  70              		.loc 1 79 29 is_stmt 1 view -0
  71              		.cfi_startproc
  72              		@ args = 0, pretend = 0, frame = 0
  73              		@ frame_needed = 0, uses_anonymous_args = 0
  74              		.loc 1 79 29 is_stmt 0 view .LVU6
  75 0000 08B5     		push	{r3, lr}
  76              	.LCFI0:
  77              		.cfi_def_cfa_offset 8
  78              		.cfi_offset 3, -8
  79              		.cfi_offset 14, -4
  80:Src/syscalls.c ****   errno = EINVAL;
  80              		.loc 1 80 3 is_stmt 1 view .LVU7
  81 0002 FFF7FEFF 		bl	__errno
  82              	.LVL1:
  83              		.loc 1 80 9 is_stmt 0 view .LVU8
  84 0006 1623     		movs	r3, #22
  85 0008 0360     		str	r3, [r0]
  81:Src/syscalls.c ****   return -1;
  86              		.loc 1 81 3 is_stmt 1 view .LVU9
  82:Src/syscalls.c **** }
  87              		.loc 1 82 1 is_stmt 0 view .LVU10
  88 000a 4FF0FF30 		mov	r0, #-1
  89 000e 08BD     		pop	{r3, pc}
  90              		.cfi_endproc
  91              	.LFE27:
  93              		.section	.text._exit,"ax",%progbits
  94              		.align	1
  95              		.global	_exit
ARM GAS  C:\Users\jmbli\AppData\Local\Temp\ccfhBFx2.s 			page 4


  96              		.syntax unified
  97              		.thumb
  98              		.thumb_func
 100              	_exit:
 101              	.LVL2:
 102              	.LFB28:
  83:Src/syscalls.c **** 
  84:Src/syscalls.c **** void _exit(int status) {
 103              		.loc 1 84 24 is_stmt 1 view -0
 104              		.cfi_startproc
 105              		@ Volatile: function does not return.
 106              		@ args = 0, pretend = 0, frame = 0
 107              		@ frame_needed = 0, uses_anonymous_args = 0
 108              		.loc 1 84 24 is_stmt 0 view .LVU12
 109 0000 08B5     		push	{r3, lr}
 110              	.LCFI1:
 111              		.cfi_def_cfa_offset 8
 112              		.cfi_offset 3, -8
 113              		.cfi_offset 14, -4
  85:Src/syscalls.c ****   _kill(status, -1);
 114              		.loc 1 85 3 is_stmt 1 view .LVU13
 115 0002 4FF0FF31 		mov	r1, #-1
 116 0006 FFF7FEFF 		bl	_kill
 117              	.LVL3:
 118              	.L6:
  86:Src/syscalls.c ****   while (1) {
 119              		.loc 1 86 3 discriminator 1 view .LVU14
  87:Src/syscalls.c ****   } /* Make sure we hang here */
 120              		.loc 1 87 3 discriminator 1 view .LVU15
  86:Src/syscalls.c ****   while (1) {
 121              		.loc 1 86 9 discriminator 1 view .LVU16
 122 000a FEE7     		b	.L6
 123              		.cfi_endproc
 124              	.LFE28:
 126              		.section	.text._read,"ax",%progbits
 127              		.align	1
 128              		.weak	_read
 129              		.syntax unified
 130              		.thumb
 131              		.thumb_func
 133              	_read:
 134              	.LVL4:
 135              	.LFB29:
  88:Src/syscalls.c **** }
  89:Src/syscalls.c **** 
  90:Src/syscalls.c **** __attribute__((weak)) int _read(int file, char *ptr, int len) {
 136              		.loc 1 90 63 view -0
 137              		.cfi_startproc
 138              		@ args = 0, pretend = 0, frame = 0
 139              		@ frame_needed = 0, uses_anonymous_args = 0
 140              		.loc 1 90 63 is_stmt 0 view .LVU18
 141 0000 70B5     		push	{r4, r5, r6, lr}
 142              	.LCFI2:
 143              		.cfi_def_cfa_offset 16
 144              		.cfi_offset 4, -16
 145              		.cfi_offset 5, -12
 146              		.cfi_offset 6, -8
ARM GAS  C:\Users\jmbli\AppData\Local\Temp\ccfhBFx2.s 			page 5


 147              		.cfi_offset 14, -4
 148 0002 0C46     		mov	r4, r1
 149 0004 1646     		mov	r6, r2
  91:Src/syscalls.c ****   int DataIdx;
 150              		.loc 1 91 3 is_stmt 1 view .LVU19
  92:Src/syscalls.c **** 
  93:Src/syscalls.c ****   for (DataIdx = 0; DataIdx < len; DataIdx++) {
 151              		.loc 1 93 3 view .LVU20
 152              	.LVL5:
 153              		.loc 1 93 16 is_stmt 0 view .LVU21
 154 0006 0025     		movs	r5, #0
 155              		.loc 1 93 3 view .LVU22
 156 0008 06E0     		b	.L9
 157              	.LVL6:
 158              	.L10:
  94:Src/syscalls.c ****     *ptr++ = __io_getchar();
 159              		.loc 1 94 5 is_stmt 1 discriminator 3 view .LVU23
 160              		.loc 1 94 14 is_stmt 0 discriminator 3 view .LVU24
 161 000a FFF7FEFF 		bl	__io_getchar
 162              	.LVL7:
 163              		.loc 1 94 9 discriminator 3 view .LVU25
 164 000e 2146     		mov	r1, r4
 165              	.LVL8:
 166              		.loc 1 94 12 discriminator 3 view .LVU26
 167 0010 01F8010B 		strb	r0, [r1], #1
 168              	.LVL9:
  93:Src/syscalls.c ****     *ptr++ = __io_getchar();
 169              		.loc 1 93 36 is_stmt 1 discriminator 3 view .LVU27
  93:Src/syscalls.c ****     *ptr++ = __io_getchar();
 170              		.loc 1 93 43 is_stmt 0 discriminator 3 view .LVU28
 171 0014 0135     		adds	r5, r5, #1
 172              	.LVL10:
 173              		.loc 1 94 9 discriminator 3 view .LVU29
 174 0016 0C46     		mov	r4, r1
 175              	.LVL11:
 176              	.L9:
  93:Src/syscalls.c ****     *ptr++ = __io_getchar();
 177              		.loc 1 93 21 is_stmt 1 discriminator 1 view .LVU30
  93:Src/syscalls.c ****     *ptr++ = __io_getchar();
 178              		.loc 1 93 3 is_stmt 0 discriminator 1 view .LVU31
 179 0018 B542     		cmp	r5, r6
 180 001a F6DB     		blt	.L10
  95:Src/syscalls.c ****   }
  96:Src/syscalls.c **** 
  97:Src/syscalls.c ****   return len;
 181              		.loc 1 97 3 is_stmt 1 view .LVU32
  98:Src/syscalls.c **** }
 182              		.loc 1 98 1 is_stmt 0 view .LVU33
 183 001c 3046     		mov	r0, r6
 184 001e 70BD     		pop	{r4, r5, r6, pc}
 185              		.loc 1 98 1 view .LVU34
 186              		.cfi_endproc
 187              	.LFE29:
 189              		.section	.text._write,"ax",%progbits
 190              		.align	1
 191              		.weak	_write
 192              		.syntax unified
ARM GAS  C:\Users\jmbli\AppData\Local\Temp\ccfhBFx2.s 			page 6


 193              		.thumb
 194              		.thumb_func
 196              	_write:
 197              	.LVL12:
 198              	.LFB30:
  99:Src/syscalls.c **** 
 100:Src/syscalls.c **** __attribute__((weak)) int _write(int file, char *ptr, int len) {
 199              		.loc 1 100 64 is_stmt 1 view -0
 200              		.cfi_startproc
 201              		@ args = 0, pretend = 0, frame = 0
 202              		@ frame_needed = 0, uses_anonymous_args = 0
 203              		.loc 1 100 64 is_stmt 0 view .LVU36
 204 0000 70B5     		push	{r4, r5, r6, lr}
 205              	.LCFI3:
 206              		.cfi_def_cfa_offset 16
 207              		.cfi_offset 4, -16
 208              		.cfi_offset 5, -12
 209              		.cfi_offset 6, -8
 210              		.cfi_offset 14, -4
 211 0002 0C46     		mov	r4, r1
 212 0004 1646     		mov	r6, r2
 101:Src/syscalls.c ****   int DataIdx;
 213              		.loc 1 101 3 is_stmt 1 view .LVU37
 102:Src/syscalls.c **** 
 103:Src/syscalls.c ****   for (DataIdx = 0; DataIdx < len; DataIdx++) {
 214              		.loc 1 103 3 view .LVU38
 215              	.LVL13:
 216              		.loc 1 103 16 is_stmt 0 view .LVU39
 217 0006 0025     		movs	r5, #0
 218              		.loc 1 103 3 view .LVU40
 219 0008 04E0     		b	.L13
 220              	.LVL14:
 221              	.L14:
 104:Src/syscalls.c ****     __io_putchar(*ptr++);
 222              		.loc 1 104 5 is_stmt 1 discriminator 3 view .LVU41
 223              		.loc 1 104 5 is_stmt 0 discriminator 3 view .LVU42
 224 000a 14F8010B 		ldrb	r0, [r4], #1	@ zero_extendqisi2
 225              	.LVL15:
 226              		.loc 1 104 5 discriminator 3 view .LVU43
 227 000e FFF7FEFF 		bl	__io_putchar
 228              	.LVL16:
 103:Src/syscalls.c ****     __io_putchar(*ptr++);
 229              		.loc 1 103 36 is_stmt 1 discriminator 3 view .LVU44
 103:Src/syscalls.c ****     __io_putchar(*ptr++);
 230              		.loc 1 103 43 is_stmt 0 discriminator 3 view .LVU45
 231 0012 0135     		adds	r5, r5, #1
 232              	.LVL17:
 233              	.L13:
 103:Src/syscalls.c ****     __io_putchar(*ptr++);
 234              		.loc 1 103 21 is_stmt 1 discriminator 1 view .LVU46
 103:Src/syscalls.c ****     __io_putchar(*ptr++);
 235              		.loc 1 103 3 is_stmt 0 discriminator 1 view .LVU47
 236 0014 B542     		cmp	r5, r6
 237 0016 F8DB     		blt	.L14
 105:Src/syscalls.c ****   }
 106:Src/syscalls.c ****   return len;
 238              		.loc 1 106 3 is_stmt 1 view .LVU48
ARM GAS  C:\Users\jmbli\AppData\Local\Temp\ccfhBFx2.s 			page 7


 107:Src/syscalls.c **** }
 239              		.loc 1 107 1 is_stmt 0 view .LVU49
 240 0018 3046     		mov	r0, r6
 241 001a 70BD     		pop	{r4, r5, r6, pc}
 242              		.loc 1 107 1 view .LVU50
 243              		.cfi_endproc
 244              	.LFE30:
 246              		.section	.text._sbrk,"ax",%progbits
 247              		.align	1
 248              		.global	_sbrk
 249              		.syntax unified
 250              		.thumb
 251              		.thumb_func
 253              	_sbrk:
 254              	.LVL18:
 255              	.LFB31:
 108:Src/syscalls.c **** 
 109:Src/syscalls.c **** caddr_t _sbrk(int incr) {
 256              		.loc 1 109 25 is_stmt 1 view -0
 257              		.cfi_startproc
 258              		@ args = 0, pretend = 0, frame = 0
 259              		@ frame_needed = 0, uses_anonymous_args = 0
 260              		.loc 1 109 25 is_stmt 0 view .LVU52
 261 0000 08B5     		push	{r3, lr}
 262              	.LCFI4:
 263              		.cfi_def_cfa_offset 8
 264              		.cfi_offset 3, -8
 265              		.cfi_offset 14, -4
 266 0002 0346     		mov	r3, r0
 110:Src/syscalls.c ****   extern char end asm("end");
 267              		.loc 1 110 3 is_stmt 1 view .LVU53
 111:Src/syscalls.c ****   static char *heap_end;
 268              		.loc 1 111 3 view .LVU54
 112:Src/syscalls.c ****   char *prev_heap_end;
 269              		.loc 1 112 3 view .LVU55
 113:Src/syscalls.c **** 
 114:Src/syscalls.c ****   if (heap_end == 0) heap_end = &end;
 270              		.loc 1 114 3 view .LVU56
 271              		.loc 1 114 16 is_stmt 0 view .LVU57
 272 0004 0B4A     		ldr	r2, .L23
 273 0006 1268     		ldr	r2, [r2]
 274              		.loc 1 114 6 view .LVU58
 275 0008 42B1     		cbz	r2, .L21
 276              	.L17:
 115:Src/syscalls.c **** 
 116:Src/syscalls.c ****   prev_heap_end = heap_end;
 277              		.loc 1 116 3 is_stmt 1 view .LVU59
 278              		.loc 1 116 17 is_stmt 0 view .LVU60
 279 000a 0A4A     		ldr	r2, .L23
 280 000c 1068     		ldr	r0, [r2]
 281              	.LVL19:
 117:Src/syscalls.c ****   if (heap_end + incr > stack_ptr) {
 282              		.loc 1 117 3 is_stmt 1 view .LVU61
 283              		.loc 1 117 16 is_stmt 0 view .LVU62
 284 000e 0344     		add	r3, r3, r0
 285              	.LVL20:
 286              		.loc 1 117 6 view .LVU63
ARM GAS  C:\Users\jmbli\AppData\Local\Temp\ccfhBFx2.s 			page 8


 287 0010 6A46     		mov	r2, sp
 288 0012 9342     		cmp	r3, r2
 289 0014 06D8     		bhi	.L22
 118:Src/syscalls.c ****     //		write(1, "Heap and stack collision\n", 25);
 119:Src/syscalls.c ****     //		abort();
 120:Src/syscalls.c ****     errno = ENOMEM;
 121:Src/syscalls.c ****     return (caddr_t)-1;
 122:Src/syscalls.c ****   }
 123:Src/syscalls.c **** 
 124:Src/syscalls.c ****   heap_end += incr;
 290              		.loc 1 124 3 is_stmt 1 view .LVU64
 291              		.loc 1 124 12 is_stmt 0 view .LVU65
 292 0016 074A     		ldr	r2, .L23
 293 0018 1360     		str	r3, [r2]
 125:Src/syscalls.c **** 
 126:Src/syscalls.c ****   return (caddr_t)prev_heap_end;
 294              		.loc 1 126 3 is_stmt 1 view .LVU66
 295              	.LVL21:
 296              	.L16:
 127:Src/syscalls.c **** }
 297              		.loc 1 127 1 is_stmt 0 view .LVU67
 298 001a 08BD     		pop	{r3, pc}
 299              	.LVL22:
 300              	.L21:
 114:Src/syscalls.c **** 
 301              		.loc 1 114 22 is_stmt 1 discriminator 1 view .LVU68
 114:Src/syscalls.c **** 
 302              		.loc 1 114 31 is_stmt 0 discriminator 1 view .LVU69
 303 001c 054A     		ldr	r2, .L23
 304 001e 0649     		ldr	r1, .L23+4
 305 0020 1160     		str	r1, [r2]
 306 0022 F2E7     		b	.L17
 307              	.LVL23:
 308              	.L22:
 120:Src/syscalls.c ****     return (caddr_t)-1;
 309              		.loc 1 120 5 is_stmt 1 view .LVU70
 310 0024 FFF7FEFF 		bl	__errno
 311              	.LVL24:
 120:Src/syscalls.c ****     return (caddr_t)-1;
 312              		.loc 1 120 11 is_stmt 0 view .LVU71
 313 0028 0C23     		movs	r3, #12
 314 002a 0360     		str	r3, [r0]
 121:Src/syscalls.c ****   }
 315              		.loc 1 121 5 is_stmt 1 view .LVU72
 121:Src/syscalls.c ****   }
 316              		.loc 1 121 12 is_stmt 0 view .LVU73
 317 002c 4FF0FF30 		mov	r0, #-1
 318 0030 F3E7     		b	.L16
 319              	.L24:
 320 0032 00BF     		.align	2
 321              	.L23:
 322 0034 00000000 		.word	.LANCHOR0
 323 0038 00000000 		.word	end
 324              		.cfi_endproc
 325              	.LFE31:
 327              		.section	.text._close,"ax",%progbits
 328              		.align	1
ARM GAS  C:\Users\jmbli\AppData\Local\Temp\ccfhBFx2.s 			page 9


 329              		.global	_close
 330              		.syntax unified
 331              		.thumb
 332              		.thumb_func
 334              	_close:
 335              	.LVL25:
 336              	.LFB32:
 128:Src/syscalls.c **** 
 129:Src/syscalls.c **** int _close(int file) { return -1; }
 337              		.loc 1 129 22 is_stmt 1 view -0
 338              		.cfi_startproc
 339              		@ args = 0, pretend = 0, frame = 0
 340              		@ frame_needed = 0, uses_anonymous_args = 0
 341              		@ link register save eliminated.
 342              		.loc 1 129 24 view .LVU75
 343              		.loc 1 129 35 is_stmt 0 view .LVU76
 344 0000 4FF0FF30 		mov	r0, #-1
 345              	.LVL26:
 346              		.loc 1 129 35 view .LVU77
 347 0004 7047     		bx	lr
 348              		.cfi_endproc
 349              	.LFE32:
 351              		.section	.text._fstat,"ax",%progbits
 352              		.align	1
 353              		.global	_fstat
 354              		.syntax unified
 355              		.thumb
 356              		.thumb_func
 358              	_fstat:
 359              	.LVL27:
 360              	.LFB33:
 130:Src/syscalls.c **** 
 131:Src/syscalls.c **** int _fstat(int file, struct stat *st) {
 361              		.loc 1 131 39 is_stmt 1 view -0
 362              		.cfi_startproc
 363              		@ args = 0, pretend = 0, frame = 0
 364              		@ frame_needed = 0, uses_anonymous_args = 0
 365              		@ link register save eliminated.
 132:Src/syscalls.c ****   st->st_mode = S_IFCHR;
 366              		.loc 1 132 3 view .LVU79
 367              		.loc 1 132 15 is_stmt 0 view .LVU80
 368 0000 4FF40053 		mov	r3, #8192
 369 0004 4B60     		str	r3, [r1, #4]
 133:Src/syscalls.c ****   return 0;
 370              		.loc 1 133 3 is_stmt 1 view .LVU81
 134:Src/syscalls.c **** }
 371              		.loc 1 134 1 is_stmt 0 view .LVU82
 372 0006 0020     		movs	r0, #0
 373              	.LVL28:
 374              		.loc 1 134 1 view .LVU83
 375 0008 7047     		bx	lr
 376              		.cfi_endproc
 377              	.LFE33:
 379              		.section	.text._isatty,"ax",%progbits
 380              		.align	1
 381              		.global	_isatty
 382              		.syntax unified
ARM GAS  C:\Users\jmbli\AppData\Local\Temp\ccfhBFx2.s 			page 10


 383              		.thumb
 384              		.thumb_func
 386              	_isatty:
 387              	.LVL29:
 388              	.LFB34:
 135:Src/syscalls.c **** 
 136:Src/syscalls.c **** int _isatty(int file) { return 1; }
 389              		.loc 1 136 23 is_stmt 1 view -0
 390              		.cfi_startproc
 391              		@ args = 0, pretend = 0, frame = 0
 392              		@ frame_needed = 0, uses_anonymous_args = 0
 393              		@ link register save eliminated.
 394              		.loc 1 136 25 view .LVU85
 395              		.loc 1 136 35 is_stmt 0 view .LVU86
 396 0000 0120     		movs	r0, #1
 397              	.LVL30:
 398              		.loc 1 136 35 view .LVU87
 399 0002 7047     		bx	lr
 400              		.cfi_endproc
 401              	.LFE34:
 403              		.section	.text._lseek,"ax",%progbits
 404              		.align	1
 405              		.global	_lseek
 406              		.syntax unified
 407              		.thumb
 408              		.thumb_func
 410              	_lseek:
 411              	.LVL31:
 412              	.LFB35:
 137:Src/syscalls.c **** 
 138:Src/syscalls.c **** int _lseek(int file, int ptr, int dir) { return 0; }
 413              		.loc 1 138 40 is_stmt 1 view -0
 414              		.cfi_startproc
 415              		@ args = 0, pretend = 0, frame = 0
 416              		@ frame_needed = 0, uses_anonymous_args = 0
 417              		@ link register save eliminated.
 418              		.loc 1 138 42 view .LVU89
 419              		.loc 1 138 52 is_stmt 0 view .LVU90
 420 0000 0020     		movs	r0, #0
 421              	.LVL32:
 422              		.loc 1 138 52 view .LVU91
 423 0002 7047     		bx	lr
 424              		.cfi_endproc
 425              	.LFE35:
 427              		.section	.text._open,"ax",%progbits
 428              		.align	1
 429              		.global	_open
 430              		.syntax unified
 431              		.thumb
 432              		.thumb_func
 434              	_open:
 435              	.LVL33:
 436              	.LFB36:
 139:Src/syscalls.c **** 
 140:Src/syscalls.c **** int _open(char *path, int flags, ...) {
 437              		.loc 1 140 39 is_stmt 1 view -0
 438              		.cfi_startproc
ARM GAS  C:\Users\jmbli\AppData\Local\Temp\ccfhBFx2.s 			page 11


 439              		@ args = 4, pretend = 12, frame = 0
 440              		@ frame_needed = 0, uses_anonymous_args = 1
 441              		@ link register save eliminated.
 442              		.loc 1 140 39 is_stmt 0 view .LVU93
 443 0000 0EB4     		push	{r1, r2, r3}
 444              	.LCFI5:
 445              		.cfi_def_cfa_offset 12
 446              		.cfi_offset 1, -12
 447              		.cfi_offset 2, -8
 448              		.cfi_offset 3, -4
 141:Src/syscalls.c ****   /* Pretend like we always fail */
 142:Src/syscalls.c ****   return -1;
 449              		.loc 1 142 3 is_stmt 1 view .LVU94
 143:Src/syscalls.c **** }
 450              		.loc 1 143 1 is_stmt 0 view .LVU95
 451 0002 4FF0FF30 		mov	r0, #-1
 452              	.LVL34:
 453              		.loc 1 143 1 view .LVU96
 454 0006 03B0     		add	sp, sp, #12
 455              	.LCFI6:
 456              		.cfi_restore 3
 457              		.cfi_restore 2
 458              		.cfi_restore 1
 459              		.cfi_def_cfa_offset 0
 460 0008 7047     		bx	lr
 461              		.cfi_endproc
 462              	.LFE36:
 464              		.section	.text._wait,"ax",%progbits
 465              		.align	1
 466              		.global	_wait
 467              		.syntax unified
 468              		.thumb
 469              		.thumb_func
 471              	_wait:
 472              	.LVL35:
 473              	.LFB37:
 144:Src/syscalls.c **** 
 145:Src/syscalls.c **** int _wait(int *status) {
 474              		.loc 1 145 24 is_stmt 1 view -0
 475              		.cfi_startproc
 476              		@ args = 0, pretend = 0, frame = 0
 477              		@ frame_needed = 0, uses_anonymous_args = 0
 478              		.loc 1 145 24 is_stmt 0 view .LVU98
 479 0000 08B5     		push	{r3, lr}
 480              	.LCFI7:
 481              		.cfi_def_cfa_offset 8
 482              		.cfi_offset 3, -8
 483              		.cfi_offset 14, -4
 146:Src/syscalls.c ****   errno = ECHILD;
 484              		.loc 1 146 3 is_stmt 1 view .LVU99
 485 0002 FFF7FEFF 		bl	__errno
 486              	.LVL36:
 487              		.loc 1 146 9 is_stmt 0 view .LVU100
 488 0006 0A23     		movs	r3, #10
 489 0008 0360     		str	r3, [r0]
 147:Src/syscalls.c ****   return -1;
 490              		.loc 1 147 3 is_stmt 1 view .LVU101
ARM GAS  C:\Users\jmbli\AppData\Local\Temp\ccfhBFx2.s 			page 12


 148:Src/syscalls.c **** }
 491              		.loc 1 148 1 is_stmt 0 view .LVU102
 492 000a 4FF0FF30 		mov	r0, #-1
 493 000e 08BD     		pop	{r3, pc}
 494              		.cfi_endproc
 495              	.LFE37:
 497              		.section	.text._unlink,"ax",%progbits
 498              		.align	1
 499              		.global	_unlink
 500              		.syntax unified
 501              		.thumb
 502              		.thumb_func
 504              	_unlink:
 505              	.LVL37:
 506              	.LFB38:
 149:Src/syscalls.c **** 
 150:Src/syscalls.c **** int _unlink(char *name) {
 507              		.loc 1 150 25 is_stmt 1 view -0
 508              		.cfi_startproc
 509              		@ args = 0, pretend = 0, frame = 0
 510              		@ frame_needed = 0, uses_anonymous_args = 0
 511              		.loc 1 150 25 is_stmt 0 view .LVU104
 512 0000 08B5     		push	{r3, lr}
 513              	.LCFI8:
 514              		.cfi_def_cfa_offset 8
 515              		.cfi_offset 3, -8
 516              		.cfi_offset 14, -4
 151:Src/syscalls.c ****   errno = ENOENT;
 517              		.loc 1 151 3 is_stmt 1 view .LVU105
 518 0002 FFF7FEFF 		bl	__errno
 519              	.LVL38:
 520              		.loc 1 151 9 is_stmt 0 view .LVU106
 521 0006 0223     		movs	r3, #2
 522 0008 0360     		str	r3, [r0]
 152:Src/syscalls.c ****   return -1;
 523              		.loc 1 152 3 is_stmt 1 view .LVU107
 153:Src/syscalls.c **** }
 524              		.loc 1 153 1 is_stmt 0 view .LVU108
 525 000a 4FF0FF30 		mov	r0, #-1
 526 000e 08BD     		pop	{r3, pc}
 527              		.cfi_endproc
 528              	.LFE38:
 530              		.section	.text._times,"ax",%progbits
 531              		.align	1
 532              		.global	_times
 533              		.syntax unified
 534              		.thumb
 535              		.thumb_func
 537              	_times:
 538              	.LVL39:
 539              	.LFB39:
 154:Src/syscalls.c **** 
 155:Src/syscalls.c **** int _times(struct tms *buf) { return -1; }
 540              		.loc 1 155 29 is_stmt 1 view -0
 541              		.cfi_startproc
 542              		@ args = 0, pretend = 0, frame = 0
 543              		@ frame_needed = 0, uses_anonymous_args = 0
ARM GAS  C:\Users\jmbli\AppData\Local\Temp\ccfhBFx2.s 			page 13


 544              		@ link register save eliminated.
 545              		.loc 1 155 31 view .LVU110
 546              		.loc 1 155 42 is_stmt 0 view .LVU111
 547 0000 4FF0FF30 		mov	r0, #-1
 548              	.LVL40:
 549              		.loc 1 155 42 view .LVU112
 550 0004 7047     		bx	lr
 551              		.cfi_endproc
 552              	.LFE39:
 554              		.section	.text._stat,"ax",%progbits
 555              		.align	1
 556              		.global	_stat
 557              		.syntax unified
 558              		.thumb
 559              		.thumb_func
 561              	_stat:
 562              	.LVL41:
 563              	.LFB40:
 156:Src/syscalls.c **** 
 157:Src/syscalls.c **** int _stat(char *file, struct stat *st) {
 564              		.loc 1 157 40 is_stmt 1 view -0
 565              		.cfi_startproc
 566              		@ args = 0, pretend = 0, frame = 0
 567              		@ frame_needed = 0, uses_anonymous_args = 0
 568              		@ link register save eliminated.
 158:Src/syscalls.c ****   st->st_mode = S_IFCHR;
 569              		.loc 1 158 3 view .LVU114
 570              		.loc 1 158 15 is_stmt 0 view .LVU115
 571 0000 4FF40053 		mov	r3, #8192
 572 0004 4B60     		str	r3, [r1, #4]
 159:Src/syscalls.c ****   return 0;
 573              		.loc 1 159 3 is_stmt 1 view .LVU116
 160:Src/syscalls.c **** }
 574              		.loc 1 160 1 is_stmt 0 view .LVU117
 575 0006 0020     		movs	r0, #0
 576              	.LVL42:
 577              		.loc 1 160 1 view .LVU118
 578 0008 7047     		bx	lr
 579              		.cfi_endproc
 580              	.LFE40:
 582              		.section	.text._link,"ax",%progbits
 583              		.align	1
 584              		.global	_link
 585              		.syntax unified
 586              		.thumb
 587              		.thumb_func
 589              	_link:
 590              	.LVL43:
 591              	.LFB41:
 161:Src/syscalls.c **** 
 162:Src/syscalls.c **** int _link(char *old, char *new) {
 592              		.loc 1 162 33 is_stmt 1 view -0
 593              		.cfi_startproc
 594              		@ args = 0, pretend = 0, frame = 0
 595              		@ frame_needed = 0, uses_anonymous_args = 0
 596              		.loc 1 162 33 is_stmt 0 view .LVU120
 597 0000 08B5     		push	{r3, lr}
ARM GAS  C:\Users\jmbli\AppData\Local\Temp\ccfhBFx2.s 			page 14


 598              	.LCFI9:
 599              		.cfi_def_cfa_offset 8
 600              		.cfi_offset 3, -8
 601              		.cfi_offset 14, -4
 163:Src/syscalls.c ****   errno = EMLINK;
 602              		.loc 1 163 3 is_stmt 1 view .LVU121
 603 0002 FFF7FEFF 		bl	__errno
 604              	.LVL44:
 605              		.loc 1 163 9 is_stmt 0 view .LVU122
 606 0006 1F23     		movs	r3, #31
 607 0008 0360     		str	r3, [r0]
 164:Src/syscalls.c ****   return -1;
 608              		.loc 1 164 3 is_stmt 1 view .LVU123
 165:Src/syscalls.c **** }
 609              		.loc 1 165 1 is_stmt 0 view .LVU124
 610 000a 4FF0FF30 		mov	r0, #-1
 611 000e 08BD     		pop	{r3, pc}
 612              		.cfi_endproc
 613              	.LFE41:
 615              		.section	.text._fork,"ax",%progbits
 616              		.align	1
 617              		.global	_fork
 618              		.syntax unified
 619              		.thumb
 620              		.thumb_func
 622              	_fork:
 623              	.LFB42:
 166:Src/syscalls.c **** 
 167:Src/syscalls.c **** int _fork(void) {
 624              		.loc 1 167 17 is_stmt 1 view -0
 625              		.cfi_startproc
 626              		@ args = 0, pretend = 0, frame = 0
 627              		@ frame_needed = 0, uses_anonymous_args = 0
 628 0000 08B5     		push	{r3, lr}
 629              	.LCFI10:
 630              		.cfi_def_cfa_offset 8
 631              		.cfi_offset 3, -8
 632              		.cfi_offset 14, -4
 168:Src/syscalls.c ****   errno = EAGAIN;
 633              		.loc 1 168 3 view .LVU126
 634 0002 FFF7FEFF 		bl	__errno
 635              	.LVL45:
 636              		.loc 1 168 9 is_stmt 0 view .LVU127
 637 0006 0B23     		movs	r3, #11
 638 0008 0360     		str	r3, [r0]
 169:Src/syscalls.c ****   return -1;
 639              		.loc 1 169 3 is_stmt 1 view .LVU128
 170:Src/syscalls.c **** }
 640              		.loc 1 170 1 is_stmt 0 view .LVU129
 641 000a 4FF0FF30 		mov	r0, #-1
 642 000e 08BD     		pop	{r3, pc}
 643              		.cfi_endproc
 644              	.LFE42:
 646              		.section	.text._execve,"ax",%progbits
 647              		.align	1
 648              		.global	_execve
 649              		.syntax unified
ARM GAS  C:\Users\jmbli\AppData\Local\Temp\ccfhBFx2.s 			page 15


 650              		.thumb
 651              		.thumb_func
 653              	_execve:
 654              	.LVL46:
 655              	.LFB43:
 171:Src/syscalls.c **** 
 172:Src/syscalls.c **** int _execve(char *name, char **argv, char **env) {
 656              		.loc 1 172 50 is_stmt 1 view -0
 657              		.cfi_startproc
 658              		@ args = 0, pretend = 0, frame = 0
 659              		@ frame_needed = 0, uses_anonymous_args = 0
 660              		.loc 1 172 50 is_stmt 0 view .LVU131
 661 0000 08B5     		push	{r3, lr}
 662              	.LCFI11:
 663              		.cfi_def_cfa_offset 8
 664              		.cfi_offset 3, -8
 665              		.cfi_offset 14, -4
 173:Src/syscalls.c ****   errno = ENOMEM;
 666              		.loc 1 173 3 is_stmt 1 view .LVU132
 667 0002 FFF7FEFF 		bl	__errno
 668              	.LVL47:
 669              		.loc 1 173 9 is_stmt 0 view .LVU133
 670 0006 0C23     		movs	r3, #12
 671 0008 0360     		str	r3, [r0]
 174:Src/syscalls.c ****   return -1;
 672              		.loc 1 174 3 is_stmt 1 view .LVU134
 175:Src/syscalls.c **** }
 673              		.loc 1 175 1 is_stmt 0 view .LVU135
 674 000a 4FF0FF30 		mov	r0, #-1
 675 000e 08BD     		pop	{r3, pc}
 676              		.cfi_endproc
 677              	.LFE43:
 679              		.global	environ
 680              		.global	__env
 681              		.section	.bss.__env,"aw",%nobits
 682              		.align	2
 685              	__env:
 686 0000 00000000 		.space	4
 687              		.section	.bss.heap_end.0,"aw",%nobits
 688              		.align	2
 689              		.set	.LANCHOR0,. + 0
 692              	heap_end.0:
 693 0000 00000000 		.space	4
 694              		.section	.data.environ,"aw"
 695              		.align	2
 698              	environ:
 699 0000 00000000 		.word	__env
 700              		.weak	__io_putchar
 701              		.weak	__io_getchar
 702              		.text
 703              	.Letext0:
 704              		.file 2 "c:\\program files (x86)\\gnu arm embedded toolchain\\10 2021.10\\arm-none-eabi\\include\\
 705              		.file 3 "c:\\program files (x86)\\gnu arm embedded toolchain\\10 2021.10\\arm-none-eabi\\include\\
 706              		.file 4 "c:\\program files (x86)\\gnu arm embedded toolchain\\10 2021.10\\arm-none-eabi\\include\\
 707              		.file 5 "c:\\program files (x86)\\gnu arm embedded toolchain\\10 2021.10\\arm-none-eabi\\include\\
 708              		.file 6 "c:\\program files (x86)\\gnu arm embedded toolchain\\10 2021.10\\arm-none-eabi\\include\\
 709              		.file 7 "c:\\program files (x86)\\gnu arm embedded toolchain\\10 2021.10\\arm-none-eabi\\include\\
ARM GAS  C:\Users\jmbli\AppData\Local\Temp\ccfhBFx2.s 			page 16


 710              		.file 8 "c:\\program files (x86)\\gnu arm embedded toolchain\\10 2021.10\\arm-none-eabi\\include\\
 711              		.file 9 "c:\\program files (x86)\\gnu arm embedded toolchain\\10 2021.10\\arm-none-eabi\\include\\
ARM GAS  C:\Users\jmbli\AppData\Local\Temp\ccfhBFx2.s 			page 17


DEFINED SYMBOLS
                            *ABS*:00000000 syscalls.c
C:\Users\jmbli\AppData\Local\Temp\ccfhBFx2.s:20     .text.initialise_monitor_handles:00000000 $t
C:\Users\jmbli\AppData\Local\Temp\ccfhBFx2.s:26     .text.initialise_monitor_handles:00000000 initialise_monitor_handles
C:\Users\jmbli\AppData\Local\Temp\ccfhBFx2.s:40     .text._getpid:00000000 $t
C:\Users\jmbli\AppData\Local\Temp\ccfhBFx2.s:46     .text._getpid:00000000 _getpid
C:\Users\jmbli\AppData\Local\Temp\ccfhBFx2.s:61     .text._kill:00000000 $t
C:\Users\jmbli\AppData\Local\Temp\ccfhBFx2.s:67     .text._kill:00000000 _kill
C:\Users\jmbli\AppData\Local\Temp\ccfhBFx2.s:94     .text._exit:00000000 $t
C:\Users\jmbli\AppData\Local\Temp\ccfhBFx2.s:100    .text._exit:00000000 _exit
C:\Users\jmbli\AppData\Local\Temp\ccfhBFx2.s:127    .text._read:00000000 $t
C:\Users\jmbli\AppData\Local\Temp\ccfhBFx2.s:133    .text._read:00000000 _read
C:\Users\jmbli\AppData\Local\Temp\ccfhBFx2.s:190    .text._write:00000000 $t
C:\Users\jmbli\AppData\Local\Temp\ccfhBFx2.s:196    .text._write:00000000 _write
C:\Users\jmbli\AppData\Local\Temp\ccfhBFx2.s:247    .text._sbrk:00000000 $t
C:\Users\jmbli\AppData\Local\Temp\ccfhBFx2.s:253    .text._sbrk:00000000 _sbrk
C:\Users\jmbli\AppData\Local\Temp\ccfhBFx2.s:322    .text._sbrk:00000034 $d
C:\Users\jmbli\AppData\Local\Temp\ccfhBFx2.s:328    .text._close:00000000 $t
C:\Users\jmbli\AppData\Local\Temp\ccfhBFx2.s:334    .text._close:00000000 _close
C:\Users\jmbli\AppData\Local\Temp\ccfhBFx2.s:352    .text._fstat:00000000 $t
C:\Users\jmbli\AppData\Local\Temp\ccfhBFx2.s:358    .text._fstat:00000000 _fstat
C:\Users\jmbli\AppData\Local\Temp\ccfhBFx2.s:380    .text._isatty:00000000 $t
C:\Users\jmbli\AppData\Local\Temp\ccfhBFx2.s:386    .text._isatty:00000000 _isatty
C:\Users\jmbli\AppData\Local\Temp\ccfhBFx2.s:404    .text._lseek:00000000 $t
C:\Users\jmbli\AppData\Local\Temp\ccfhBFx2.s:410    .text._lseek:00000000 _lseek
C:\Users\jmbli\AppData\Local\Temp\ccfhBFx2.s:428    .text._open:00000000 $t
C:\Users\jmbli\AppData\Local\Temp\ccfhBFx2.s:434    .text._open:00000000 _open
C:\Users\jmbli\AppData\Local\Temp\ccfhBFx2.s:465    .text._wait:00000000 $t
C:\Users\jmbli\AppData\Local\Temp\ccfhBFx2.s:471    .text._wait:00000000 _wait
C:\Users\jmbli\AppData\Local\Temp\ccfhBFx2.s:498    .text._unlink:00000000 $t
C:\Users\jmbli\AppData\Local\Temp\ccfhBFx2.s:504    .text._unlink:00000000 _unlink
C:\Users\jmbli\AppData\Local\Temp\ccfhBFx2.s:531    .text._times:00000000 $t
C:\Users\jmbli\AppData\Local\Temp\ccfhBFx2.s:537    .text._times:00000000 _times
C:\Users\jmbli\AppData\Local\Temp\ccfhBFx2.s:555    .text._stat:00000000 $t
C:\Users\jmbli\AppData\Local\Temp\ccfhBFx2.s:561    .text._stat:00000000 _stat
C:\Users\jmbli\AppData\Local\Temp\ccfhBFx2.s:583    .text._link:00000000 $t
C:\Users\jmbli\AppData\Local\Temp\ccfhBFx2.s:589    .text._link:00000000 _link
C:\Users\jmbli\AppData\Local\Temp\ccfhBFx2.s:616    .text._fork:00000000 $t
C:\Users\jmbli\AppData\Local\Temp\ccfhBFx2.s:622    .text._fork:00000000 _fork
C:\Users\jmbli\AppData\Local\Temp\ccfhBFx2.s:647    .text._execve:00000000 $t
C:\Users\jmbli\AppData\Local\Temp\ccfhBFx2.s:653    .text._execve:00000000 _execve
C:\Users\jmbli\AppData\Local\Temp\ccfhBFx2.s:698    .data.environ:00000000 environ
C:\Users\jmbli\AppData\Local\Temp\ccfhBFx2.s:685    .bss.__env:00000000 __env
C:\Users\jmbli\AppData\Local\Temp\ccfhBFx2.s:682    .bss.__env:00000000 $d
C:\Users\jmbli\AppData\Local\Temp\ccfhBFx2.s:688    .bss.heap_end.0:00000000 $d
C:\Users\jmbli\AppData\Local\Temp\ccfhBFx2.s:692    .bss.heap_end.0:00000000 heap_end.0
C:\Users\jmbli\AppData\Local\Temp\ccfhBFx2.s:695    .data.environ:00000000 $d

UNDEFINED SYMBOLS
__errno
__io_getchar
__io_putchar
end
